# JRE version: OpenJDK Runtime Environment (8.0_152-b06) (build 1.8.0_152-release-1136-b06)
# Java VM: OpenJDK 64-Bit Server VM (25.152-b06 mixed mode windows-amd64 compressed oops)
Heap:
 PSYoungGen      total 125440K, used 64841K [0x00000000e0000000, 0x00000000e8d00000, 0x0000000100000000)
  eden space 114176K, 46% used [0x00000000e0000000,0x00000000e3454658,0x00000000e6f80000)
  from space 11264K, 99% used [0x00000000e7700000,0x00000000e81fe088,0x00000000e8200000)
  to   space 9216K, 0% used [0x00000000e8400000,0x00000000e8400000,0x00000000e8d00000)
 ParOldGen       total 80896K, used 21476K [0x00000000a0000000, 0x00000000a4f00000, 0x00000000e0000000)
  object space 80896K, 26% used [0x00000000a0000000,0x00000000a14f90c0,0x00000000a4f00000)
 Metaspace       used 51653K, capacity 53018K, committed 53248K, reserved 1095680K
  class space    used 6953K, capacity 7306K, committed 7424K, reserved 1048576K
GC Heap History (10 events):
Event: 9.284 GC heap before
{Heap before GC invocations=9 (full 1):
 PSYoungGen      total 69632K, used 66123K [0x00000000e0000000, 0x00000000e6780000, 0x0000000100000000)
  eden space 59392K, 100% used [0x00000000e0000000,0x00000000e3a00000,0x00000000e3a00000)
  from space 10240K, 65% used [0x00000000e3a00000,0x00000000e4092e28,0x00000000e4400000)
  to   space 10240K, 0% used [0x00000000e5d80000,0x00000000e5d80000,0x00000000e6780000)
 ParOldGen       total 57856K, used 8238K [0x00000000a0000000, 0x00000000a3880000, 0x00000000e0000000)
  object space 57856K, 14% used [0x00000000a0000000,0x00000000a080ba38,0x00000000a3880000)
 Metaspace       used 32897K, capacity 33464K, committed 33536K, reserved 1077248K
  class space    used 4599K, capacity 4794K, committed 4864K, reserved 1048576K
Event: 9.300 GC heap after
Heap after GC invocations=9 (full 1):
 PSYoungGen      total 94720K, used 9990K [0x00000000e0000000, 0x00000000e7200000, 0x0000000100000000)
  eden space 84480K, 0% used [0x00000000e0000000,0x00000000e0000000,0x00000000e5280000)
  from space 10240K, 97% used [0x00000000e5d80000,0x00000000e6741928,0x00000000e6780000)
  to   space 11264K, 0% used [0x00000000e5280000,0x00000000e5280000,0x00000000e5d80000)
 ParOldGen       total 57856K, used 8246K [0x00000000a0000000, 0x00000000a3880000, 0x00000000e0000000)
  object space 57856K, 14% used [0x00000000a0000000,0x00000000a080da38,0x00000000a3880000)
 Metaspace       used 32897K, capacity 33464K, committed 33536K, reserved 1077248K
  class space    used 4599K, capacity 4794K, committed 4864K, reserved 1048576K
}
Event: 9.515 GC heap before
{Heap before GC invocations=10 (full 1):
 PSYoungGen      total 94720K, used 22483K [0x00000000e0000000, 0x00000000e7200000, 0x0000000100000000)
  eden space 84480K, 14% used [0x00000000e0000000,0x00000000e0c336a8,0x00000000e5280000)
  from space 10240K, 97% used [0x00000000e5d80000,0x00000000e6741928,0x00000000e6780000)
  to   space 11264K, 0% used [0x00000000e5280000,0x00000000e5280000,0x00000000e5d80000)
 ParOldGen       total 57856K, used 8246K [0x00000000a0000000, 0x00000000a3880000, 0x00000000e0000000)
  object space 57856K, 14% used [0x00000000a0000000,0x00000000a080da38,0x00000000a3880000)
 Metaspace       used 34715K, capacity 35292K, committed 35416K, reserved 1079296K
  class space    used 4796K, capacity 5020K, committed 5120K, reserved 1048576K
Event: 9.535 GC heap after
Heap after GC invocations=10 (full 1):
 PSYoungGen      total 95744K, used 6653K [0x00000000e0000000, 0x00000000e8e80000, 0x0000000100000000)
  eden space 84480K, 0% used [0x00000000e0000000,0x00000000e0000000,0x00000000e5280000)
  from space 11264K, 59% used [0x00000000e5280000,0x00000000e58ff5b8,0x00000000e5d80000)
  to   space 10752K, 0% used [0x00000000e8400000,0x00000000e8400000,0x00000000e8e80000)
 ParOldGen       total 57856K, used 9966K [0x00000000a0000000, 0x00000000a3880000, 0x00000000e0000000)
  object space 57856K, 17% used [0x00000000a0000000,0x00000000a09bbab8,0x00000000a3880000)
 Metaspace       used 34715K, capacity 35292K, committed 35416K, reserved 1079296K
  class space    used 4796K, capacity 5020K, committed 5120K, reserved 1048576K
}
Event: 9.535 GC heap before
{Heap before GC invocations=11 (full 2):
 PSYoungGen      total 95744K, used 6653K [0x00000000e0000000, 0x00000000e8e80000, 0x0000000100000000)
  eden space 84480K, 0% used [0x00000000e0000000,0x00000000e0000000,0x00000000e5280000)
  from space 11264K, 59% used [0x00000000e5280000,0x00000000e58ff5b8,0x00000000e5d80000)
  to   space 10752K, 0% used [0x00000000e8400000,0x00000000e8400000,0x00000000e8e80000)
 ParOldGen       total 57856K, used 9966K [0x00000000a0000000, 0x00000000a3880000, 0x00000000e0000000)
  object space 57856K, 17% used [0x00000000a0000000,0x00000000a09bbab8,0x00000000a3880000)
 Metaspace       used 34715K, capacity 35292K, committed 35416K, reserved 1079296K
  class space    used 4796K, capacity 5020K, committed 5120K, reserved 1048576K
Event: 9.640 GC heap after
Heap after GC invocations=11 (full 2):
 PSYoungGen      total 95744K, used 0K [0x00000000e0000000, 0x00000000e8e80000, 0x0000000100000000)
  eden space 84480K, 0% used [0x00000000e0000000,0x00000000e0000000,0x00000000e5280000)
  from space 11264K, 0% used [0x00000000e5280000,0x00000000e5280000,0x00000000e5d80000)
  to   space 10752K, 0% used [0x00000000e8400000,0x00000000e8400000,0x00000000e8e80000)
 ParOldGen       total 80896K, used 14803K [0x00000000a0000000, 0x00000000a4f00000, 0x00000000e0000000)
  object space 80896K, 18% used [0x00000000a0000000,0x00000000a0e74e60,0x00000000a4f00000)
 Metaspace       used 34715K, capacity 35292K, committed 35416K, reserved 1079296K
  class space    used 4796K, capacity 5020K, committed 5120K, reserved 1048576K
}
Event: 11.066 GC heap before
{Heap before GC invocations=12 (full 2):
 PSYoungGen      total 95744K, used 84480K [0x00000000e0000000, 0x00000000e8e80000, 0x0000000100000000)
  eden space 84480K, 100% used [0x00000000e0000000,0x00000000e5280000,0x00000000e5280000)
  from space 11264K, 0% used [0x00000000e5280000,0x00000000e5280000,0x00000000e5d80000)
  to   space 10752K, 0% used [0x00000000e8400000,0x00000000e8400000,0x00000000e8e80000)
 ParOldGen       total 80896K, used 14803K [0x00000000a0000000, 0x00000000a4f00000, 0x00000000e0000000)
  object space 80896K, 18% used [0x00000000a0000000,0x00000000a0e74e60,0x00000000a4f00000)
 Metaspace       used 39896K, capacity 40694K, committed 41088K, reserved 1085440K
  class space    used 5424K, capacity 5661K, committed 5760K, reserved 1048576K
Event: 11.076 GC heap after
Heap after GC invocations=12 (full 2):
 PSYoungGen      total 123392K, used 8874K [0x00000000e0000000, 0x00000000e8d00000, 0x0000000100000000)
  eden space 114176K, 0% used [0x00000000e0000000,0x00000000e0000000,0x00000000e6f80000)
  from space 9216K, 96% used [0x00000000e8400000,0x00000000e8caaa80,0x00000000e8d00000)
  to   space 11264K, 0% used [0x00000000e7700000,0x00000000e7700000,0x00000000e8200000)
 ParOldGen       total 80896K, used 14811K [0x00000000a0000000, 0x00000000a4f00000, 0x00000000e0000000)
  object space 80896K, 18% used [0x00000000a0000000,0x00000000a0e76e60,0x00000000a4f00000)
 Metaspace       used 39896K, capacity 40694K, committed 41088K, reserved 1085440K
  class space    used 5424K, capacity 5661K, committed 5760K, reserved 1048576K
}
Event: 13.061 GC heap before
{Heap before GC invocations=13 (full 2):
 PSYoungGen      total 123392K, used 123050K [0x00000000e0000000, 0x00000000e8d00000, 0x0000000100000000)
  eden space 114176K, 100% used [0x00000000e0000000,0x00000000e6f80000,0x00000000e6f80000)
  from space 9216K, 96% used [0x00000000e8400000,0x00000000e8caaa80,0x00000000e8d00000)
  to   space 11264K, 0% used [0x00000000e7700000,0x00000000e7700000,0x00000000e8200000)
 ParOldGen       total 80896K, used 14811K [0x00000000a0000000, 0x00000000a4f00000, 0x00000000e0000000)
  object space 80896K, 18% used [0x00000000a0000000,0x00000000a0e76e60,0x00000000a4f00000)
 Metaspace       used 47865K, capacity 48806K, committed 49024K, reserved 1091584K
  class space    used 6435K, capacity 6726K, committed 6784K, reserved 1048576K
Event: 13.083 GC heap after
Heap after GC invocations=13 (full 2):
 PSYoungGen      total 125440K, used 11256K [0x00000000e0000000, 0x00000000e8d00000, 0x0000000100000000)
  eden space 114176K, 0% used [0x00000000e0000000,0x00000000e0000000,0x00000000e6f80000)
  from space 11264K, 99% used [0x00000000e7700000,0x00000000e81fe088,0x00000000e8200000)
  to   space 9216K, 0% used [0x00000000e8400000,0x00000000e8400000,0x00000000e8d00000)
 ParOldGen       total 80896K, used 21476K [0x00000000a0000000, 0x00000000a4f00000, 0x00000000e0000000)
  object space 80896K, 26% used [0x00000000a0000000,0x00000000a14f90c0,0x00000000a4f00000)
 Metaspace       used 47865K, capacity 48806K, committed 49024K, reserved 1091584K
  class space    used 6435K, capacity 6726K, committed 6784K, reserved 1048576K
}

