# JRE version: OpenJDK Runtime Environment (8.0_152-b06) (build 1.8.0_152-release-1136-b06)
# Java VM: OpenJDK 64-Bit Server VM (25.152-b06 mixed mode windows-amd64 compressed oops)
Heap:
 PSYoungGen      total 59904K, used 30395K [0x00000000e0000000, 0x00000000e5600000, 0x0000000100000000)
  eden space 50176K, 44% used [0x00000000e0000000,0x00000000e1609980,0x00000000e3100000)
  from space 9728K, 80% used [0x00000000e3100000,0x00000000e38a5450,0x00000000e3a80000)
  to   space 10240K, 0% used [0x00000000e4c00000,0x00000000e4c00000,0x00000000e5600000)
 ParOldGen       total 58368K, used 9969K [0x00000000a0000000, 0x00000000a3900000, 0x00000000e0000000)
  object space 58368K, 17% used [0x00000000a0000000,0x00000000a09bc7a0,0x00000000a3900000)
 Metaspace       used 34463K, capacity 35190K, committed 35328K, reserved 1079296K
  class space    used 4826K, capacity 5056K, committed 5120K, reserved 1048576K
GC Heap History (10 events):
Event: 9.653 GC heap before
{Heap before GC invocations=6 (full 1):
 PSYoungGen      total 37376K, used 5088K [0x00000000e0000000, 0x00000000e3380000, 0x0000000100000000)
  eden space 32256K, 0% used [0x00000000e0000000,0x00000000e0000000,0x00000000e1f80000)
  from space 5120K, 99% used [0x00000000e2000000,0x00000000e24f8030,0x00000000e2500000)
  to   space 10240K, 0% used [0x00000000e2980000,0x00000000e2980000,0x00000000e3380000)
 ParOldGen       total 86016K, used 8142K [0x00000000a0000000, 0x00000000a5400000, 0x00000000e0000000)
  object space 86016K, 9% used [0x00000000a0000000,0x00000000a07f3aa8,0x00000000a5400000)
 Metaspace       used 20687K, capacity 21168K, committed 21248K, reserved 1067008K
  class space    used 2881K, capacity 3011K, committed 3072K, reserved 1048576K
Event: 9.712 GC heap after
Heap after GC invocations=6 (full 1):
 PSYoungGen      total 37376K, used 0K [0x00000000e0000000, 0x00000000e3380000, 0x0000000100000000)
  eden space 32256K, 0% used [0x00000000e0000000,0x00000000e0000000,0x00000000e1f80000)
  from space 5120K, 0% used [0x00000000e2000000,0x00000000e2000000,0x00000000e2500000)
  to   space 10240K, 0% used [0x00000000e2980000,0x00000000e2980000,0x00000000e3380000)
 ParOldGen       total 58368K, used 8297K [0x00000000a0000000, 0x00000000a3900000, 0x00000000e0000000)
  object space 58368K, 14% used [0x00000000a0000000,0x00000000a081a5f0,0x00000000a3900000)
 Metaspace       used 20687K, capacity 21168K, committed 21248K, reserved 1067008K
  class space    used 2881K, capacity 3011K, committed 3072K, reserved 1048576K
}
Event: 10.492 GC heap before
{Heap before GC invocations=7 (full 1):
 PSYoungGen      total 37376K, used 32256K [0x00000000e0000000, 0x00000000e3380000, 0x0000000100000000)
  eden space 32256K, 100% used [0x00000000e0000000,0x00000000e1f80000,0x00000000e1f80000)
  from space 5120K, 0% used [0x00000000e2000000,0x00000000e2000000,0x00000000e2500000)
  to   space 10240K, 0% used [0x00000000e2980000,0x00000000e2980000,0x00000000e3380000)
 ParOldGen       total 58368K, used 8297K [0x00000000a0000000, 0x00000000a3900000, 0x00000000e0000000)
  object space 58368K, 14% used [0x00000000a0000000,0x00000000a081a5f0,0x00000000a3900000)
 Metaspace       used 23766K, capacity 24264K, committed 24448K, reserved 1071104K
  class space    used 3263K, capacity 3403K, committed 3456K, reserved 1048576K
Event: 10.497 GC heap after
Heap after GC invocations=7 (full 1):
 PSYoungGen      total 42496K, used 3484K [0x00000000e0000000, 0x00000000e4680000, 0x0000000100000000)
  eden space 32256K, 0% used [0x00000000e0000000,0x00000000e0000000,0x00000000e1f80000)
  from space 10240K, 34% used [0x00000000e2980000,0x00000000e2ce7060,0x00000000e3380000)
  to   space 10240K, 0% used [0x00000000e1f80000,0x00000000e1f80000,0x00000000e2980000)
 ParOldGen       total 58368K, used 8305K [0x00000000a0000000, 0x00000000a3900000, 0x00000000e0000000)
  object space 58368K, 14% used [0x00000000a0000000,0x00000000a081c5f0,0x00000000a3900000)
 Metaspace       used 23766K, capacity 24264K, committed 24448K, reserved 1071104K
  class space    used 3263K, capacity 3403K, committed 3456K, reserved 1048576K
}
Event: 12.691 GC heap before
{Heap before GC invocations=8 (full 1):
 PSYoungGen      total 42496K, used 35740K [0x00000000e0000000, 0x00000000e4680000, 0x0000000100000000)
  eden space 32256K, 100% used [0x00000000e0000000,0x00000000e1f80000,0x00000000e1f80000)
  from space 10240K, 34% used [0x00000000e2980000,0x00000000e2ce7060,0x00000000e3380000)
  to   space 10240K, 0% used [0x00000000e1f80000,0x00000000e1f80000,0x00000000e2980000)
 ParOldGen       total 58368K, used 8305K [0x00000000a0000000, 0x00000000a3900000, 0x00000000e0000000)
  object space 58368K, 14% used [0x00000000a0000000,0x00000000a081c5f0,0x00000000a3900000)
 Metaspace       used 26007K, capacity 26568K, committed 26624K, reserved 1073152K
  class space    used 3629K, capacity 3801K, committed 3840K, reserved 1048576K
Event: 12.696 GC heap after
Heap after GC invocations=8 (full 1):
 PSYoungGen      total 42496K, used 4740K [0x00000000e0000000, 0x00000000e4480000, 0x0000000100000000)
  eden space 32256K, 0% used [0x00000000e0000000,0x00000000e0000000,0x00000000e1f80000)
  from space 10240K, 46% used [0x00000000e1f80000,0x00000000e24211d8,0x00000000e2980000)
  to   space 10240K, 0% used [0x00000000e3a80000,0x00000000e3a80000,0x00000000e4480000)
 ParOldGen       total 58368K, used 8313K [0x00000000a0000000, 0x00000000a3900000, 0x00000000e0000000)
  object space 58368K, 14% used [0x00000000a0000000,0x00000000a081e5f0,0x00000000a3900000)
 Metaspace       used 26007K, capacity 26568K, committed 26624K, reserved 1073152K
  class space    used 3629K, capacity 3801K, committed 3840K, reserved 1048576K
}
Event: 14.110 GC heap before
{Heap before GC invocations=9 (full 1):
 PSYoungGen      total 42496K, used 36996K [0x00000000e0000000, 0x00000000e4480000, 0x0000000100000000)
  eden space 32256K, 100% used [0x00000000e0000000,0x00000000e1f80000,0x00000000e1f80000)
  from space 10240K, 46% used [0x00000000e1f80000,0x00000000e24211d8,0x00000000e2980000)
  to   space 10240K, 0% used [0x00000000e3a80000,0x00000000e3a80000,0x00000000e4480000)
 ParOldGen       total 58368K, used 8313K [0x00000000a0000000, 0x00000000a3900000, 0x00000000e0000000)
  object space 58368K, 14% used [0x00000000a0000000,0x00000000a081e5f0,0x00000000a3900000)
 Metaspace       used 28267K, capacity 28876K, committed 28928K, reserved 1075200K
  class space    used 3886K, capacity 4078K, committed 4096K, reserved 1048576K
Event: 14.129 GC heap after
Heap after GC invocations=9 (full 1):
 PSYoungGen      total 60416K, used 6006K [0x00000000e0000000, 0x00000000e4500000, 0x0000000100000000)
  eden space 50176K, 0% used [0x00000000e0000000,0x00000000e0000000,0x00000000e3100000)
  from space 10240K, 58% used [0x00000000e3a80000,0x00000000e405d828,0x00000000e4480000)
  to   space 9728K, 0% used [0x00000000e3100000,0x00000000e3100000,0x00000000e3a80000)
 ParOldGen       total 58368K, used 8321K [0x00000000a0000000, 0x00000000a3900000, 0x00000000e0000000)
  object space 58368K, 14% used [0x00000000a0000000,0x00000000a08205f0,0x00000000a3900000)
 Metaspace       used 28267K, capacity 28876K, committed 28928K, reserved 1075200K
  class space    used 3886K, capacity 4078K, committed 4096K, reserved 1048576K
}
Event: 16.948 GC heap before
{Heap before GC invocations=10 (full 1):
 PSYoungGen      total 60416K, used 56182K [0x00000000e0000000, 0x00000000e4500000, 0x0000000100000000)
  eden space 50176K, 100% used [0x00000000e0000000,0x00000000e3100000,0x00000000e3100000)
  from space 10240K, 58% used [0x00000000e3a80000,0x00000000e405d828,0x00000000e4480000)
  to   space 9728K, 0% used [0x00000000e3100000,0x00000000e3100000,0x00000000e3a80000)
 ParOldGen       total 58368K, used 8321K [0x00000000a0000000, 0x00000000a3900000, 0x00000000e0000000)
  object space 58368K, 14% used [0x00000000a0000000,0x00000000a08205f0,0x00000000a3900000)
 Metaspace       used 31070K, capacity 31720K, committed 32000K, reserved 1077248K
  class space    used 4343K, capacity 4557K, committed 4608K, reserved 1048576K
Event: 16.965 GC heap after
Heap after GC invocations=10 (full 1):
 PSYoungGen      total 59904K, used 7829K [0x00000000e0000000, 0x00000000e5600000, 0x0000000100000000)
  eden space 50176K, 0% used [0x00000000e0000000,0x00000000e0000000,0x00000000e3100000)
  from space 9728K, 80% used [0x00000000e3100000,0x00000000e38a5450,0x00000000e3a80000)
  to   space 10240K, 0% used [0x00000000e4c00000,0x00000000e4c00000,0x00000000e5600000)
 ParOldGen       total 58368K, used 9969K [0x00000000a0000000, 0x00000000a3900000, 0x00000000e0000000)
  object space 58368K, 17% used [0x00000000a0000000,0x00000000a09bc7a0,0x00000000a3900000)
 Metaspace       used 31070K, capacity 31720K, committed 32000K, reserved 1077248K
  class space    used 4343K, capacity 4557K, committed 4608K, reserved 1048576K
}

