# JRE version: OpenJDK Runtime Environment (8.0_152-b06) (build 1.8.0_152-release-1136-b06)
# Java VM: OpenJDK 64-Bit Server VM (25.152-b06 mixed mode windows-amd64 compressed oops)
Heap:
 PSYoungGen      total 143872K, used 3259K [0x00000000e0000000, 0x00000000ebd00000, 0x0000000100000000)
  eden space 126976K, 2% used [0x00000000e0000000,0x00000000e032ee90,0x00000000e7c00000)
  from space 16896K, 0% used [0x00000000e7c00000,0x00000000e7c00000,0x00000000e8c80000)
  to   space 10752K, 0% used [0x00000000e8c80000,0x00000000e8c80000,0x00000000e9700000)
 ParOldGen       total 80896K, used 35730K [0x00000000a0000000, 0x00000000a4f00000, 0x00000000e0000000)
  object space 80896K, 44% used [0x00000000a0000000,0x00000000a22e4ae8,0x00000000a4f00000)
 Metaspace       used 56569K, capacity 58340K, committed 58584K, reserved 1101824K
  class space    used 7695K, capacity 8151K, committed 8192K, reserved 1048576K
GC Heap History (10 events):
Event: 11.749 GC heap before
{Heap before GC invocations=12 (full 2):
 PSYoungGen      total 103424K, used 92160K [0x00000000e0000000, 0x00000000e9700000, 0x0000000100000000)
  eden space 92160K, 100% used [0x00000000e0000000,0x00000000e5a00000,0x00000000e5a00000)
  from space 11264K, 0% used [0x00000000e5a00000,0x00000000e5a00000,0x00000000e6500000)
  to   space 10752K, 0% used [0x00000000e8c80000,0x00000000e8c80000,0x00000000e9700000)
 ParOldGen       total 80896K, used 14660K [0x00000000a0000000, 0x00000000a4f00000, 0x00000000e0000000)
  object space 80896K, 18% used [0x00000000a0000000,0x00000000a0e511a0,0x00000000a4f00000)
 Metaspace       used 40565K, capacity 41242K, committed 41560K, reserved 1085440K
  class space    used 5430K, capacity 5641K, committed 5760K, reserved 1048576K
Event: 11.768 GC heap after
Heap after GC invocations=12 (full 2):
 PSYoungGen      total 134656K, used 10535K [0x00000000e0000000, 0x00000000e9700000, 0x0000000100000000)
  eden space 123904K, 0% used [0x00000000e0000000,0x00000000e0000000,0x00000000e7900000)
  from space 10752K, 97% used [0x00000000e8c80000,0x00000000e96c9c18,0x00000000e9700000)
  to   space 11776K, 0% used [0x00000000e8000000,0x00000000e8000000,0x00000000e8b80000)
 ParOldGen       total 80896K, used 14660K [0x00000000a0000000, 0x00000000a4f00000, 0x00000000e0000000)
  object space 80896K, 18% used [0x00000000a0000000,0x00000000a0e511a0,0x00000000a4f00000)
 Metaspace       used 40565K, capacity 41242K, committed 41560K, reserved 1085440K
  class space    used 5430K, capacity 5641K, committed 5760K, reserved 1048576K
}
Event: 13.771 GC heap before
{Heap before GC invocations=13 (full 2):
 PSYoungGen      total 134656K, used 134439K [0x00000000e0000000, 0x00000000e9700000, 0x0000000100000000)
  eden space 123904K, 100% used [0x00000000e0000000,0x00000000e7900000,0x00000000e7900000)
  from space 10752K, 97% used [0x00000000e8c80000,0x00000000e96c9c18,0x00000000e9700000)
  to   space 11776K, 0% used [0x00000000e8000000,0x00000000e8000000,0x00000000e8b80000)
 ParOldGen       total 80896K, used 14660K [0x00000000a0000000, 0x00000000a4f00000, 0x00000000e0000000)
  object space 80896K, 18% used [0x00000000a0000000,0x00000000a0e511a0,0x00000000a4f00000)
 Metaspace       used 47600K, capacity 48506K, committed 48600K, reserved 1091584K
  class space    used 6380K, capacity 6640K, committed 6656K, reserved 1048576K
Event: 13.794 GC heap after
Heap after GC invocations=13 (full 2):
 PSYoungGen      total 135680K, used 11371K [0x00000000e0000000, 0x00000000e9700000, 0x0000000100000000)
  eden space 123904K, 0% used [0x00000000e0000000,0x00000000e0000000,0x00000000e7900000)
  from space 11776K, 96% used [0x00000000e8000000,0x00000000e8b1adb8,0x00000000e8b80000)
  to   space 10752K, 0% used [0x00000000e8c80000,0x00000000e8c80000,0x00000000e9700000)
 ParOldGen       total 80896K, used 21048K [0x00000000a0000000, 0x00000000a4f00000, 0x00000000e0000000)
  object space 80896K, 26% used [0x00000000a0000000,0x00000000a148e308,0x00000000a4f00000)
 Metaspace       used 47600K, capacity 48506K, committed 48600K, reserved 1091584K
  class space    used 6380K, capacity 6640K, committed 6656K, reserved 1048576K
}
Event: 41.754 GC heap before
{Heap before GC invocations=14 (full 2):
 PSYoungGen      total 135680K, used 135275K [0x00000000e0000000, 0x00000000e9700000, 0x0000000100000000)
  eden space 123904K, 100% used [0x00000000e0000000,0x00000000e7900000,0x00000000e7900000)
  from space 11776K, 96% used [0x00000000e8000000,0x00000000e8b1adb8,0x00000000e8b80000)
  to   space 10752K, 0% used [0x00000000e8c80000,0x00000000e8c80000,0x00000000e9700000)
 ParOldGen       total 80896K, used 21048K [0x00000000a0000000, 0x00000000a4f00000, 0x00000000e0000000)
  object space 80896K, 26% used [0x00000000a0000000,0x00000000a148e308,0x00000000a4f00000)
 Metaspace       used 55726K, capacity 57454K, committed 57688K, reserved 1099776K
  class space    used 7617K, capacity 8036K, committed 8064K, reserved 1048576K
Event: 41.777 GC heap after
Heap after GC invocations=14 (full 2):
 PSYoungGen      total 137728K, used 10749K [0x00000000e0000000, 0x00000000ebd00000, 0x0000000100000000)
  eden space 126976K, 0% used [0x00000000e0000000,0x00000000e0000000,0x00000000e7c00000)
  from space 10752K, 99% used [0x00000000e8c80000,0x00000000e96ff738,0x00000000e9700000)
  to   space 16896K, 0% used [0x00000000e7c00000,0x00000000e7c00000,0x00000000e8c80000)
 ParOldGen       total 80896K, used 30365K [0x00000000a0000000, 0x00000000a4f00000, 0x00000000e0000000)
  object space 80896K, 37% used [0x00000000a0000000,0x00000000a1da7590,0x00000000a4f00000)
 Metaspace       used 55726K, capacity 57454K, committed 57688K, reserved 1099776K
  class space    used 7617K, capacity 8036K, committed 8064K, reserved 1048576K
}
Event: 42.617 GC heap before
{Heap before GC invocations=15 (full 2):
 PSYoungGen      total 137728K, used 27176K [0x00000000e0000000, 0x00000000ebd00000, 0x0000000100000000)
  eden space 126976K, 12% used [0x00000000e0000000,0x00000000e100a960,0x00000000e7c00000)
  from space 10752K, 99% used [0x00000000e8c80000,0x00000000e96ff738,0x00000000e9700000)
  to   space 16896K, 0% used [0x00000000e7c00000,0x00000000e7c00000,0x00000000e8c80000)
 ParOldGen       total 80896K, used 30365K [0x00000000a0000000, 0x00000000a4f00000, 0x00000000e0000000)
  object space 80896K, 37% used [0x00000000a0000000,0x00000000a1da7590,0x00000000a4f00000)
 Metaspace       used 56555K, capacity 58276K, committed 58328K, reserved 1103872K
  class space    used 7694K, capacity 8151K, committed 8192K, reserved 1048576K
Event: 42.632 GC heap after
Heap after GC invocations=15 (full 2):
 PSYoungGen      total 143872K, used 1899K [0x00000000e0000000, 0x00000000ebd00000, 0x0000000100000000)
  eden space 126976K, 0% used [0x00000000e0000000,0x00000000e0000000,0x00000000e7c00000)
  from space 16896K, 11% used [0x00000000e7c00000,0x00000000e7ddae60,0x00000000e8c80000)
  to   space 10752K, 0% used [0x00000000e8c80000,0x00000000e8c80000,0x00000000e9700000)
 ParOldGen       total 80896K, used 38899K [0x00000000a0000000, 0x00000000a4f00000, 0x00000000e0000000)
  object space 80896K, 48% used [0x00000000a0000000,0x00000000a25fcd00,0x00000000a4f00000)
 Metaspace       used 56555K, capacity 58276K, committed 58328K, reserved 1103872K
  class space    used 7694K, capacity 8151K, committed 8192K, reserved 1048576K
}
Event: 42.632 GC heap before
{Heap before GC invocations=16 (full 3):
 PSYoungGen      total 143872K, used 1899K [0x00000000e0000000, 0x00000000ebd00000, 0x0000000100000000)
  eden space 126976K, 0% used [0x00000000e0000000,0x00000000e0000000,0x00000000e7c00000)
  from space 16896K, 11% used [0x00000000e7c00000,0x00000000e7ddae60,0x00000000e8c80000)
  to   space 10752K, 0% used [0x00000000e8c80000,0x00000000e8c80000,0x00000000e9700000)
 ParOldGen       total 80896K, used 38899K [0x00000000a0000000, 0x00000000a4f00000, 0x00000000e0000000)
  object space 80896K, 48% used [0x00000000a0000000,0x00000000a25fcd00,0x00000000a4f00000)
 Metaspace       used 56555K, capacity 58276K, committed 58328K, reserved 1103872K
  class space    used 7694K, capacity 8151K, committed 8192K, reserved 1048576K
Event: 43.023 GC heap after
Heap after GC invocations=16 (full 3):
 PSYoungGen      total 143872K, used 0K [0x00000000e0000000, 0x00000000ebd00000, 0x0000000100000000)
  eden space 126976K, 0% used [0x00000000e0000000,0x00000000e0000000,0x00000000e7c00000)
  from space 16896K, 0% used [0x00000000e7c00000,0x00000000e7c00000,0x00000000e8c80000)
  to   space 10752K, 0% used [0x00000000e8c80000,0x00000000e8c80000,0x00000000e9700000)
 ParOldGen       total 80896K, used 35730K [0x00000000a0000000, 0x00000000a4f00000, 0x00000000e0000000)
  object space 80896K, 44% used [0x00000000a0000000,0x00000000a22e4ae8,0x00000000a4f00000)
 Metaspace       used 56555K, capacity 58276K, committed 58328K, reserved 1101824K
  class space    used 7694K, capacity 8151K, committed 8192K, reserved 1048576K
}

