# JRE version: OpenJDK Runtime Environment (8.0_152-b06) (build 1.8.0_152-release-1136-b06)
# Java VM: OpenJDK 64-Bit Server VM (25.152-b06 mixed mode windows-amd64 compressed oops)
Heap:
 PSYoungGen      total 466432K, used 436042K [0x00000000e0000000, 0x00000000ffd00000, 0x0000000100000000)
  eden space 414720K, 100% used [0x00000000e0000000,0x00000000f9500000,0x00000000f9500000)
  from space 51712K, 41% used [0x00000000f9500000,0x00000000fa9d2b00,0x00000000fc780000)
  to   space 49152K, 22% used [0x00000000fcd00000,0x00000000fd79c0c0,0x00000000ffd00000)
 ParOldGen       total 221696K, used 94517K [0x00000000a0000000, 0x00000000ad880000, 0x00000000e0000000)
  object space 221696K, 42% used [0x00000000a0000000,0x00000000a5c4d660,0x00000000ad880000)
 Metaspace       used 89920K, capacity 94052K, committed 94336K, reserved 1130496K
  class space    used 11447K, capacity 12348K, committed 12416K, reserved 1048576K
GC Heap History (10 events):
Event: 168.140 GC heap before
{Heap before GC invocations=27 (full 4):
 PSYoungGen      total 396288K, used 354461K [0x00000000e0000000, 0x00000000fea80000, 0x0000000100000000)
  eden space 355328K, 99% used [0x00000000e0000000,0x00000000f5a27468,0x00000000f5b00000)
  from space 40960K, 0% used [0x00000000f9400000,0x00000000f9400000,0x00000000fbc00000)
  to   space 58368K, 0% used [0x00000000f5b00000,0x00000000f5b00000,0x00000000f9400000)
 ParOldGen       total 221696K, used 94485K [0x00000000a0000000, 0x00000000ad880000, 0x00000000e0000000)
  object space 221696K, 42% used [0x00000000a0000000,0x00000000a5c45660,0x00000000ad880000)
 Metaspace       used 81292K, capacity 84458K, committed 84992K, reserved 1122304K
  class space    used 10451K, capacity 11102K, committed 11264K, reserved 1048576K
Event: 168.151 GC heap after
Heap after GC invocations=27 (full 4):
 PSYoungGen      total 413696K, used 17022K [0x00000000e0000000, 0x00000000ff500000, 0x0000000100000000)
  eden space 355328K, 0% used [0x00000000e0000000,0x00000000e0000000,0x00000000f5b00000)
  from space 58368K, 29% used [0x00000000f5b00000,0x00000000f6b9fbf0,0x00000000f9400000)
  to   space 55808K, 0% used [0x00000000fbe80000,0x00000000fbe80000,0x00000000ff500000)
 ParOldGen       total 221696K, used 94493K [0x00000000a0000000, 0x00000000ad880000, 0x00000000e0000000)
  object space 221696K, 42% used [0x00000000a0000000,0x00000000a5c47660,0x00000000ad880000)
 Metaspace       used 81292K, capacity 84458K, committed 84992K, reserved 1122304K
  class space    used 10451K, capacity 11102K, committed 11264K, reserved 1048576K
}
Event: 168.260 GC heap before
{Heap before GC invocations=28 (full 4):
 PSYoungGen      total 413696K, used 371520K [0x00000000e0000000, 0x00000000ff500000, 0x0000000100000000)
  eden space 355328K, 99% used [0x00000000e0000000,0x00000000f5a304b8,0x00000000f5b00000)
  from space 58368K, 29% used [0x00000000f5b00000,0x00000000f6b9fbf0,0x00000000f9400000)
  to   space 55808K, 0% used [0x00000000fbe80000,0x00000000fbe80000,0x00000000ff500000)
 ParOldGen       total 221696K, used 94493K [0x00000000a0000000, 0x00000000ad880000, 0x00000000e0000000)
  object space 221696K, 42% used [0x00000000a0000000,0x00000000a5c47660,0x00000000ad880000)
 Metaspace       used 81292K, capacity 84458K, committed 84992K, reserved 1122304K
  class space    used 10451K, capacity 11102K, committed 11264K, reserved 1048576K
Event: 168.265 GC heap after
Heap after GC invocations=28 (full 4):
 PSYoungGen      total 458240K, used 4561K [0x00000000e0000000, 0x00000000ffb80000, 0x0000000100000000)
  eden space 402432K, 0% used [0x00000000e0000000,0x00000000e0000000,0x00000000f8900000)
  from space 55808K, 8% used [0x00000000fbe80000,0x00000000fc2f46e8,0x00000000ff500000)
  to   space 54784K, 0% used [0x00000000f8900000,0x00000000f8900000,0x00000000fbe80000)
 ParOldGen       total 221696K, used 94493K [0x00000000a0000000, 0x00000000ad880000, 0x00000000e0000000)
  object space 221696K, 42% used [0x00000000a0000000,0x00000000a5c47660,0x00000000ad880000)
 Metaspace       used 81292K, capacity 84458K, committed 84992K, reserved 1122304K
  class space    used 10451K, capacity 11102K, committed 11264K, reserved 1048576K
}
Event: 4111.866 GC heap before
{Heap before GC invocations=29 (full 4):
 PSYoungGen      total 458240K, used 406993K [0x00000000e0000000, 0x00000000ffb80000, 0x0000000100000000)
  eden space 402432K, 100% used [0x00000000e0000000,0x00000000f8900000,0x00000000f8900000)
  from space 55808K, 8% used [0x00000000fbe80000,0x00000000fc2f46e8,0x00000000ff500000)
  to   space 54784K, 0% used [0x00000000f8900000,0x00000000f8900000,0x00000000fbe80000)
 ParOldGen       total 221696K, used 94493K [0x00000000a0000000, 0x00000000ad880000, 0x00000000e0000000)
  object space 221696K, 42% used [0x00000000a0000000,0x00000000a5c47660,0x00000000ad880000)
 Metaspace       used 88269K, capacity 91916K, committed 92032K, reserved 1128448K
  class space    used 11296K, capacity 12102K, committed 12160K, reserved 1048576K
Event: 4112.129 GC heap after
Heap after GC invocations=29 (full 4):
 PSYoungGen      total 457216K, used 28401K [0x00000000e0000000, 0x00000000fff00000, 0x0000000100000000)
  eden space 402432K, 0% used [0x00000000e0000000,0x00000000e0000000,0x00000000f8900000)
  from space 54784K, 51% used [0x00000000f8900000,0x00000000fa4bc6b0,0x00000000fbe80000)
  to   space 54784K, 0% used [0x00000000fc980000,0x00000000fc980000,0x00000000fff00000)
 ParOldGen       total 221696K, used 94501K [0x00000000a0000000, 0x00000000ad880000, 0x00000000e0000000)
  object space 221696K, 42% used [0x00000000a0000000,0x00000000a5c49660,0x00000000ad880000)
 Metaspace       used 88269K, capacity 91916K, committed 92032K, reserved 1128448K
  class space    used 11296K, capacity 12102K, committed 12160K, reserved 1048576K
}
Event: 5790.003 GC heap before
{Heap before GC invocations=30 (full 4):
 PSYoungGen      total 457216K, used 430833K [0x00000000e0000000, 0x00000000fff00000, 0x0000000100000000)
  eden space 402432K, 100% used [0x00000000e0000000,0x00000000f8900000,0x00000000f8900000)
  from space 54784K, 51% used [0x00000000f8900000,0x00000000fa4bc6b0,0x00000000fbe80000)
  to   space 54784K, 0% used [0x00000000fc980000,0x00000000fc980000,0x00000000fff00000)
 ParOldGen       total 221696K, used 94501K [0x00000000a0000000, 0x00000000ad880000, 0x00000000e0000000)
  object space 221696K, 42% used [0x00000000a0000000,0x00000000a5c49660,0x00000000ad880000)
 Metaspace       used 89439K, capacity 93446K, committed 93696K, reserved 1130496K
  class space    used 11399K, capacity 12265K, committed 12288K, reserved 1048576K
Event: 5790.353 GC heap after
Heap after GC invocations=30 (full 4):
 PSYoungGen      total 464384K, used 17232K [0x00000000e0000000, 0x00000000ffa00000, 0x0000000100000000)
  eden space 414720K, 0% used [0x00000000e0000000,0x00000000e0000000,0x00000000f9500000)
  from space 49664K, 34% used [0x00000000fc980000,0x00000000fda54130,0x00000000ffa00000)
  to   space 51712K, 0% used [0x00000000f9500000,0x00000000f9500000,0x00000000fc780000)
 ParOldGen       total 221696K, used 94509K [0x00000000a0000000, 0x00000000ad880000, 0x00000000e0000000)
  object space 221696K, 42% used [0x00000000a0000000,0x00000000a5c4b660,0x00000000ad880000)
 Metaspace       used 89439K, capacity 93446K, committed 93696K, reserved 1130496K
  class space    used 11399K, capacity 12265K, committed 12288K, reserved 1048576K
}
Event: 5884.564 GC heap before
{Heap before GC invocations=31 (full 4):
 PSYoungGen      total 464384K, used 430952K [0x00000000e0000000, 0x00000000ffa00000, 0x0000000100000000)
  eden space 414720K, 99% used [0x00000000e0000000,0x00000000f9406220,0x00000000f9500000)
  from space 49664K, 34% used [0x00000000fc980000,0x00000000fda54130,0x00000000ffa00000)
  to   space 51712K, 0% used [0x00000000f9500000,0x00000000f9500000,0x00000000fc780000)
 ParOldGen       total 221696K, used 94509K [0x00000000a0000000, 0x00000000ad880000, 0x00000000e0000000)
  object space 221696K, 42% used [0x00000000a0000000,0x00000000a5c4b660,0x00000000ad880000)
 Metaspace       used 89761K, capacity 93906K, committed 94080K, reserved 1130496K
  class space    used 11427K, capacity 12331K, committed 12416K, reserved 1048576K
Event: 5885.292 GC heap after
Heap after GC invocations=31 (full 4):
 PSYoungGen      total 466432K, used 21322K [0x00000000e0000000, 0x00000000ffd00000, 0x0000000100000000)
  eden space 414720K, 0% used [0x00000000e0000000,0x00000000e0000000,0x00000000f9500000)
  from space 51712K, 41% used [0x00000000f9500000,0x00000000fa9d2b00,0x00000000fc780000)
  to   space 49152K, 0% used [0x00000000fcd00000,0x00000000fcd00000,0x00000000ffd00000)
 ParOldGen       total 221696K, used 94517K [0x00000000a0000000, 0x00000000ad880000, 0x00000000e0000000)
  object space 221696K, 42% used [0x00000000a0000000,0x00000000a5c4d660,0x00000000ad880000)
 Metaspace       used 89761K, capacity 93906K, committed 94080K, reserved 1130496K
  class space    used 11427K, capacity 12331K, committed 12416K, reserved 1048576K
}

