# JRE version: OpenJDK Runtime Environment (8.0_152-b06) (build 1.8.0_152-release-1136-b06)
# Java VM: OpenJDK 64-Bit Server VM (25.152-b06 mixed mode windows-amd64 compressed oops)
Heap:
 PSYoungGen      total 113152K, used 39194K [0x00000000e0000000, 0x00000000e8080000, 0x0000000100000000)
  eden space 104960K, 29% used [0x00000000e0000000,0x00000000e1e5dc00,0x00000000e6680000)
  from space 8192K, 98% used [0x00000000e7880000,0x00000000e8068e80,0x00000000e8080000)
  to   space 10752K, 0% used [0x00000000e6b80000,0x00000000e6b80000,0x00000000e7600000)
 ParOldGen       total 88576K, used 14836K [0x00000000a0000000, 0x00000000a5680000, 0x00000000e0000000)
  object space 88576K, 16% used [0x00000000a0000000,0x00000000a0e7d0c0,0x00000000a5680000)
 Metaspace       used 41728K, capacity 42466K, committed 42752K, reserved 1085440K
  class space    used 5618K, capacity 5866K, committed 5888K, reserved 1048576K
GC Heap History (10 events):
Event: 7.960 GC heap before
{Heap before GC invocations=8 (full 1):
 PSYoungGen      total 56320K, used 56085K [0x00000000e0000000, 0x00000000e4e00000, 0x0000000100000000)
  eden space 52224K, 100% used [0x00000000e0000000,0x00000000e3300000,0x00000000e3300000)
  from space 4096K, 94% used [0x00000000e4a00000,0x00000000e4dc5778,0x00000000e4e00000)
  to   space 10240K, 0% used [0x00000000e3a00000,0x00000000e3a00000,0x00000000e4400000)
 ParOldGen       total 59392K, used 8226K [0x00000000a0000000, 0x00000000a3a00000, 0x00000000e0000000)
  object space 59392K, 13% used [0x00000000a0000000,0x00000000a0808b30,0x00000000a3a00000)
 Metaspace       used 27845K, capacity 28356K, committed 28672K, reserved 1073152K
  class space    used 3879K, capacity 4027K, committed 4096K, reserved 1048576K
Event: 7.973 GC heap after
Heap after GC invocations=8 (full 1):
 PSYoungGen      total 69632K, used 6633K [0x00000000e0000000, 0x00000000e6380000, 0x0000000100000000)
  eden space 59392K, 0% used [0x00000000e0000000,0x00000000e0000000,0x00000000e3a00000)
  from space 10240K, 64% used [0x00000000e3a00000,0x00000000e407a5a0,0x00000000e4400000)
  to   space 9728K, 0% used [0x00000000e5a00000,0x00000000e5a00000,0x00000000e6380000)
 ParOldGen       total 59392K, used 8234K [0x00000000a0000000, 0x00000000a3a00000, 0x00000000e0000000)
  object space 59392K, 13% used [0x00000000a0000000,0x00000000a080ab30,0x00000000a3a00000)
 Metaspace       used 27845K, capacity 28356K, committed 28672K, reserved 1073152K
  class space    used 3879K, capacity 4027K, committed 4096K, reserved 1048576K
}
Event: 10.054 GC heap before
{Heap before GC invocations=9 (full 1):
 PSYoungGen      total 69632K, used 66025K [0x00000000e0000000, 0x00000000e6380000, 0x0000000100000000)
  eden space 59392K, 100% used [0x00000000e0000000,0x00000000e3a00000,0x00000000e3a00000)
  from space 10240K, 64% used [0x00000000e3a00000,0x00000000e407a5a0,0x00000000e4400000)
  to   space 9728K, 0% used [0x00000000e5a00000,0x00000000e5a00000,0x00000000e6380000)
 ParOldGen       total 59392K, used 8234K [0x00000000a0000000, 0x00000000a3a00000, 0x00000000e0000000)
  object space 59392K, 13% used [0x00000000a0000000,0x00000000a080ab30,0x00000000a3a00000)
 Metaspace       used 32475K, capacity 33034K, committed 33152K, reserved 1077248K
  class space    used 4540K, capacity 4736K, committed 4736K, reserved 1048576K
Event: 10.067 GC heap after
Heap after GC invocations=9 (full 1):
 PSYoungGen      total 90624K, used 9715K [0x00000000e0000000, 0x00000000e6f80000, 0x0000000100000000)
  eden space 80896K, 0% used [0x00000000e0000000,0x00000000e0000000,0x00000000e4f00000)
  from space 9728K, 99% used [0x00000000e5a00000,0x00000000e637cd98,0x00000000e6380000)
  to   space 11264K, 0% used [0x00000000e4f00000,0x00000000e4f00000,0x00000000e5a00000)
 ParOldGen       total 59392K, used 8436K [0x00000000a0000000, 0x00000000a3a00000, 0x00000000e0000000)
  object space 59392K, 14% used [0x00000000a0000000,0x00000000a083d3d8,0x00000000a3a00000)
 Metaspace       used 32475K, capacity 33034K, committed 33152K, reserved 1077248K
  class space    used 4540K, capacity 4736K, committed 4736K, reserved 1048576K
}
Event: 10.340 GC heap before
{Heap before GC invocations=10 (full 1):
 PSYoungGen      total 90624K, used 23149K [0x00000000e0000000, 0x00000000e6f80000, 0x0000000100000000)
  eden space 80896K, 16% used [0x00000000e0000000,0x00000000e0d1e8a8,0x00000000e4f00000)
  from space 9728K, 99% used [0x00000000e5a00000,0x00000000e637cd98,0x00000000e6380000)
  to   space 11264K, 0% used [0x00000000e4f00000,0x00000000e4f00000,0x00000000e5a00000)
 ParOldGen       total 59392K, used 8436K [0x00000000a0000000, 0x00000000a3a00000, 0x00000000e0000000)
  object space 59392K, 14% used [0x00000000a0000000,0x00000000a083d3d8,0x00000000a3a00000)
 Metaspace       used 34718K, capacity 35292K, committed 35416K, reserved 1079296K
  class space    used 4798K, capacity 5020K, committed 5120K, reserved 1048576K
Event: 10.350 GC heap after
Heap after GC invocations=10 (full 1):
 PSYoungGen      total 92160K, used 6663K [0x00000000e0000000, 0x00000000e8300000, 0x0000000100000000)
  eden space 80896K, 0% used [0x00000000e0000000,0x00000000e0000000,0x00000000e4f00000)
  from space 11264K, 59% used [0x00000000e4f00000,0x00000000e5581dd8,0x00000000e5a00000)
  to   space 10752K, 0% used [0x00000000e7880000,0x00000000e7880000,0x00000000e8300000)
 ParOldGen       total 59392K, used 10169K [0x00000000a0000000, 0x00000000a3a00000, 0x00000000e0000000)
  object space 59392K, 17% used [0x00000000a0000000,0x00000000a09ee468,0x00000000a3a00000)
 Metaspace       used 34718K, capacity 35292K, committed 35416K, reserved 1079296K
  class space    used 4798K, capacity 5020K, committed 5120K, reserved 1048576K
}
Event: 10.350 GC heap before
{Heap before GC invocations=11 (full 2):
 PSYoungGen      total 92160K, used 6663K [0x00000000e0000000, 0x00000000e8300000, 0x0000000100000000)
  eden space 80896K, 0% used [0x00000000e0000000,0x00000000e0000000,0x00000000e4f00000)
  from space 11264K, 59% used [0x00000000e4f00000,0x00000000e5581dd8,0x00000000e5a00000)
  to   space 10752K, 0% used [0x00000000e7880000,0x00000000e7880000,0x00000000e8300000)
 ParOldGen       total 59392K, used 10169K [0x00000000a0000000, 0x00000000a3a00000, 0x00000000e0000000)
  object space 59392K, 17% used [0x00000000a0000000,0x00000000a09ee468,0x00000000a3a00000)
 Metaspace       used 34718K, capacity 35292K, committed 35416K, reserved 1079296K
  class space    used 4798K, capacity 5020K, committed 5120K, reserved 1048576K
Event: 10.448 GC heap after
Heap after GC invocations=11 (full 2):
 PSYoungGen      total 92160K, used 0K [0x00000000e0000000, 0x00000000e8300000, 0x0000000100000000)
  eden space 80896K, 0% used [0x00000000e0000000,0x00000000e0000000,0x00000000e4f00000)
  from space 11264K, 0% used [0x00000000e4f00000,0x00000000e4f00000,0x00000000e5a00000)
  to   space 10752K, 0% used [0x00000000e7880000,0x00000000e7880000,0x00000000e8300000)
 ParOldGen       total 88576K, used 14828K [0x00000000a0000000, 0x00000000a5680000, 0x00000000e0000000)
  object space 88576K, 16% used [0x00000000a0000000,0x00000000a0e7b0c0,0x00000000a5680000)
 Metaspace       used 34718K, capacity 35292K, committed 35416K, reserved 1079296K
  class space    used 4798K, capacity 5020K, committed 5120K, reserved 1048576K
}
Event: 11.962 GC heap before
{Heap before GC invocations=12 (full 2):
 PSYoungGen      total 92160K, used 80896K [0x00000000e0000000, 0x00000000e8300000, 0x0000000100000000)
  eden space 80896K, 100% used [0x00000000e0000000,0x00000000e4f00000,0x00000000e4f00000)
  from space 11264K, 0% used [0x00000000e4f00000,0x00000000e4f00000,0x00000000e5a00000)
  to   space 10752K, 0% used [0x00000000e7880000,0x00000000e7880000,0x00000000e8300000)
 ParOldGen       total 88576K, used 14828K [0x00000000a0000000, 0x00000000a5680000, 0x00000000e0000000)
  object space 88576K, 16% used [0x00000000a0000000,0x00000000a0e7b0c0,0x00000000a5680000)
 Metaspace       used 39444K, capacity 40170K, committed 40448K, reserved 1083392K
  class space    used 5367K, capacity 5595K, committed 5632K, reserved 1048576K
Event: 11.978 GC heap after
Heap after GC invocations=12 (full 2):
 PSYoungGen      total 113152K, used 8099K [0x00000000e0000000, 0x00000000e8080000, 0x0000000100000000)
  eden space 104960K, 0% used [0x00000000e0000000,0x00000000e0000000,0x00000000e6680000)
  from space 8192K, 98% used [0x00000000e7880000,0x00000000e8068e80,0x00000000e8080000)
  to   space 10752K, 0% used [0x00000000e6b80000,0x00000000e6b80000,0x00000000e7600000)
 ParOldGen       total 88576K, used 14836K [0x00000000a0000000, 0x00000000a5680000, 0x00000000e0000000)
  object space 88576K, 16% used [0x00000000a0000000,0x00000000a0e7d0c0,0x00000000a5680000)
 Metaspace       used 39444K, capacity 40170K, committed 40448K, reserved 1083392K
  class space    used 5367K, capacity 5595K, committed 5632K, reserved 1048576K
}

