# JRE version: OpenJDK Runtime Environment (8.0_152-b06) (build 1.8.0_152-release-1136-b06)
# Java VM: OpenJDK 64-Bit Server VM (25.152-b06 mixed mode windows-amd64 compressed oops)
Heap:
 PSYoungGen      total 101888K, used 74803K [0x00000000e0000000, 0x00000000e9180000, 0x0000000100000000)
  eden space 90112K, 83% used [0x00000000e0000000,0x00000000e490cc58,0x00000000e5800000)
  from space 11776K, 0% used [0x00000000e5800000,0x00000000e5800000,0x00000000e6380000)
  to   space 11776K, 0% used [0x00000000e8600000,0x00000000e8600000,0x00000000e9180000)
 ParOldGen       total 85504K, used 17091K [0x00000000a0000000, 0x00000000a5380000, 0x00000000e0000000)
  object space 85504K, 19% used [0x00000000a0000000,0x00000000a10b0ff0,0x00000000a5380000)
 Metaspace       used 39286K, capacity 40116K, committed 40448K, reserved 1083392K
  class space    used 5375K, capacity 5627K, committed 5632K, reserved 1048576K
GC Heap History (10 events):
Event: 6.862 GC heap before
{Heap before GC invocations=7 (full 1):
 PSYoungGen      total 37888K, used 32768K [0x00000000e0000000, 0x00000000e5400000, 0x0000000100000000)
  eden space 32768K, 100% used [0x00000000e0000000,0x00000000e2000000,0x00000000e2000000)
  from space 5120K, 0% used [0x00000000e2000000,0x00000000e2000000,0x00000000e2500000)
  to   space 10240K, 0% used [0x00000000e4a00000,0x00000000e4a00000,0x00000000e5400000)
 ParOldGen       total 55296K, used 8300K [0x00000000a0000000, 0x00000000a3600000, 0x00000000e0000000)
  object space 55296K, 15% used [0x00000000a0000000,0x00000000a081b260,0x00000000a3600000)
 Metaspace       used 23776K, capacity 24304K, committed 24448K, reserved 1071104K
  class space    used 3264K, capacity 3435K, committed 3456K, reserved 1048576K
Event: 6.868 GC heap after
Heap after GC invocations=7 (full 1):
 PSYoungGen      total 58880K, used 3484K [0x00000000e0000000, 0x00000000e4d80000, 0x0000000100000000)
  eden space 55296K, 0% used [0x00000000e0000000,0x00000000e0000000,0x00000000e3600000)
  from space 3584K, 97% used [0x00000000e4a00000,0x00000000e4d67060,0x00000000e4d80000)
  to   space 10240K, 0% used [0x00000000e3980000,0x00000000e3980000,0x00000000e4380000)
 ParOldGen       total 55296K, used 8308K [0x00000000a0000000, 0x00000000a3600000, 0x00000000e0000000)
  object space 55296K, 15% used [0x00000000a0000000,0x00000000a081d260,0x00000000a3600000)
 Metaspace       used 23776K, capacity 24304K, committed 24448K, reserved 1071104K
  class space    used 3264K, capacity 3435K, committed 3456K, reserved 1048576K
}
Event: 8.230 GC heap before
{Heap before GC invocations=8 (full 1):
 PSYoungGen      total 58880K, used 58780K [0x00000000e0000000, 0x00000000e4d80000, 0x0000000100000000)
  eden space 55296K, 100% used [0x00000000e0000000,0x00000000e3600000,0x00000000e3600000)
  from space 3584K, 97% used [0x00000000e4a00000,0x00000000e4d67060,0x00000000e4d80000)
  to   space 10240K, 0% used [0x00000000e3980000,0x00000000e3980000,0x00000000e4380000)
 ParOldGen       total 55296K, used 8308K [0x00000000a0000000, 0x00000000a3600000, 0x00000000e0000000)
  object space 55296K, 15% used [0x00000000a0000000,0x00000000a081d260,0x00000000a3600000)
 Metaspace       used 27613K, capacity 28180K, committed 28288K, reserved 1073152K
  class space    used 3776K, capacity 3950K, committed 3968K, reserved 1048576K
Event: 8.246 GC heap after
Heap after GC invocations=8 (full 1):
 PSYoungGen      total 69120K, used 7126K [0x00000000e0000000, 0x00000000e6d80000, 0x0000000100000000)
  eden space 58880K, 0% used [0x00000000e0000000,0x00000000e0000000,0x00000000e3980000)
  from space 10240K, 69% used [0x00000000e3980000,0x00000000e40759c0,0x00000000e4380000)
  to   space 10240K, 0% used [0x00000000e6380000,0x00000000e6380000,0x00000000e6d80000)
 ParOldGen       total 55296K, used 8316K [0x00000000a0000000, 0x00000000a3600000, 0x00000000e0000000)
  object space 55296K, 15% used [0x00000000a0000000,0x00000000a081f260,0x00000000a3600000)
 Metaspace       used 27613K, capacity 28180K, committed 28288K, reserved 1073152K
  class space    used 3776K, capacity 3950K, committed 3968K, reserved 1048576K
}
Event: 10.350 GC heap before
{Heap before GC invocations=9 (full 1):
 PSYoungGen      total 69120K, used 66006K [0x00000000e0000000, 0x00000000e6d80000, 0x0000000100000000)
  eden space 58880K, 100% used [0x00000000e0000000,0x00000000e3980000,0x00000000e3980000)
  from space 10240K, 69% used [0x00000000e3980000,0x00000000e40759c0,0x00000000e4380000)
  to   space 10240K, 0% used [0x00000000e6380000,0x00000000e6380000,0x00000000e6d80000)
 ParOldGen       total 55296K, used 8316K [0x00000000a0000000, 0x00000000a3600000, 0x00000000e0000000)
  object space 55296K, 15% used [0x00000000a0000000,0x00000000a081f260,0x00000000a3600000)
 Metaspace       used 30974K, capacity 31536K, committed 31744K, reserved 1077248K
  class space    used 4333K, capacity 4557K, committed 4608K, reserved 1048576K
Event: 10.364 GC heap after
Heap after GC invocations=9 (full 1):
 PSYoungGen      total 100352K, used 10134K [0x00000000e0000000, 0x00000000e7400000, 0x0000000100000000)
  eden space 90112K, 0% used [0x00000000e0000000,0x00000000e0000000,0x00000000e5800000)
  from space 10240K, 98% used [0x00000000e6380000,0x00000000e6d65b10,0x00000000e6d80000)
  to   space 11776K, 0% used [0x00000000e5800000,0x00000000e5800000,0x00000000e6380000)
 ParOldGen       total 55296K, used 8324K [0x00000000a0000000, 0x00000000a3600000, 0x00000000e0000000)
  object space 55296K, 15% used [0x00000000a0000000,0x00000000a0821260,0x00000000a3600000)
 Metaspace       used 30974K, capacity 31536K, committed 31744K, reserved 1077248K
  class space    used 4333K, capacity 4557K, committed 4608K, reserved 1048576K
}
Event: 11.031 GC heap before
{Heap before GC invocations=10 (full 1):
 PSYoungGen      total 100352K, used 35356K [0x00000000e0000000, 0x00000000e7400000, 0x0000000100000000)
  eden space 90112K, 27% used [0x00000000e0000000,0x00000000e18a15c0,0x00000000e5800000)
  from space 10240K, 98% used [0x00000000e6380000,0x00000000e6d65b10,0x00000000e6d80000)
  to   space 11776K, 0% used [0x00000000e5800000,0x00000000e5800000,0x00000000e6380000)
 ParOldGen       total 55296K, used 8324K [0x00000000a0000000, 0x00000000a3600000, 0x00000000e0000000)
  object space 55296K, 15% used [0x00000000a0000000,0x00000000a0821260,0x00000000a3600000)
 Metaspace       used 34622K, capacity 35326K, committed 35416K, reserved 1079296K
  class space    used 4856K, capacity 5120K, committed 5120K, reserved 1048576K
Event: 11.048 GC heap after
Heap after GC invocations=10 (full 1):
 PSYoungGen      total 101888K, used 9027K [0x00000000e0000000, 0x00000000e9180000, 0x0000000100000000)
  eden space 90112K, 0% used [0x00000000e0000000,0x00000000e0000000,0x00000000e5800000)
  from space 11776K, 76% used [0x00000000e5800000,0x00000000e60d0ee0,0x00000000e6380000)
  to   space 11776K, 0% used [0x00000000e8600000,0x00000000e8600000,0x00000000e9180000)
 ParOldGen       total 55296K, used 9969K [0x00000000a0000000, 0x00000000a3600000, 0x00000000e0000000)
  object space 55296K, 18% used [0x00000000a0000000,0x00000000a09bc400,0x00000000a3600000)
 Metaspace       used 34622K, capacity 35326K, committed 35416K, reserved 1079296K
  class space    used 4856K, capacity 5120K, committed 5120K, reserved 1048576K
}
Event: 11.048 GC heap before
{Heap before GC invocations=11 (full 2):
 PSYoungGen      total 101888K, used 9027K [0x00000000e0000000, 0x00000000e9180000, 0x0000000100000000)
  eden space 90112K, 0% used [0x00000000e0000000,0x00000000e0000000,0x00000000e5800000)
  from space 11776K, 76% used [0x00000000e5800000,0x00000000e60d0ee0,0x00000000e6380000)
  to   space 11776K, 0% used [0x00000000e8600000,0x00000000e8600000,0x00000000e9180000)
 ParOldGen       total 55296K, used 9969K [0x00000000a0000000, 0x00000000a3600000, 0x00000000e0000000)
  object space 55296K, 18% used [0x00000000a0000000,0x00000000a09bc400,0x00000000a3600000)
 Metaspace       used 34622K, capacity 35326K, committed 35416K, reserved 1079296K
  class space    used 4856K, capacity 5120K, committed 5120K, reserved 1048576K
Event: 11.178 GC heap after
Heap after GC invocations=11 (full 2):
 PSYoungGen      total 101888K, used 0K [0x00000000e0000000, 0x00000000e9180000, 0x0000000100000000)
  eden space 90112K, 0% used [0x00000000e0000000,0x00000000e0000000,0x00000000e5800000)
  from space 11776K, 0% used [0x00000000e5800000,0x00000000e5800000,0x00000000e6380000)
  to   space 11776K, 0% used [0x00000000e8600000,0x00000000e8600000,0x00000000e9180000)
 ParOldGen       total 85504K, used 17091K [0x00000000a0000000, 0x00000000a5380000, 0x00000000e0000000)
  object space 85504K, 19% used [0x00000000a0000000,0x00000000a10b0ff0,0x00000000a5380000)
 Metaspace       used 34622K, capacity 35326K, committed 35416K, reserved 1079296K
  class space    used 4856K, capacity 5120K, committed 5120K, reserved 1048576K
}

