# JRE version: OpenJDK Runtime Environment (8.0_152-b06) (build 1.8.0_152-release-1136-b06)
# Java VM: OpenJDK 64-Bit Server VM (25.152-b06 mixed mode windows-amd64 compressed oops)
Heap:
 PSYoungGen      total 115200K, used 4013K [0x00000000e0000000, 0x00000000eb600000, 0x0000000100000000)
  eden space 101376K, 3% used [0x00000000e0000000,0x00000000e03eb498,0x00000000e6300000)
  from space 13824K, 0% used [0x00000000e7a80000,0x00000000e7a80000,0x00000000e8800000)
  to   space 24064K, 0% used [0x00000000e6300000,0x00000000e6300000,0x00000000e7a80000)
 ParOldGen       total 96256K, used 40497K [0x00000000a0000000, 0x00000000a5e00000, 0x00000000e0000000)
  object space 96256K, 42% used [0x00000000a0000000,0x00000000a278c428,0x00000000a5e00000)
 Metaspace       used 57065K, capacity 59000K, committed 59224K, reserved 1099776K
  class space    used 7744K, capacity 8229K, committed 8320K, reserved 1048576K
GC Heap History (10 events):
Event: 10.302 GC heap before
{Heap before GC invocations=13 (full 2):
 PSYoungGen      total 97280K, used 97201K [0x00000000e0000000, 0x00000000e6e00000, 0x0000000100000000)
  eden space 90112K, 100% used [0x00000000e0000000,0x00000000e5800000,0x00000000e5800000)
  from space 7168K, 98% used [0x00000000e6700000,0x00000000e6dec580,0x00000000e6e00000)
  to   space 10752K, 0% used [0x00000000e5900000,0x00000000e5900000,0x00000000e6380000)
 ParOldGen       total 96256K, used 15346K [0x00000000a0000000, 0x00000000a5e00000, 0x00000000e0000000)
  object space 96256K, 15% used [0x00000000a0000000,0x00000000a0efc938,0x00000000a5e00000)
 Metaspace       used 44206K, capacity 45026K, committed 45144K, reserved 1087488K
  class space    used 6013K, capacity 6268K, committed 6272K, reserved 1048576K
Event: 10.327 GC heap after
Heap after GC invocations=13 (full 2):
 PSYoungGen      total 101888K, used 10732K [0x00000000e0000000, 0x00000000e8800000, 0x0000000100000000)
  eden space 91136K, 0% used [0x00000000e0000000,0x00000000e0000000,0x00000000e5900000)
  from space 10752K, 99% used [0x00000000e5900000,0x00000000e637b310,0x00000000e6380000)
  to   space 13824K, 0% used [0x00000000e7a80000,0x00000000e7a80000,0x00000000e8800000)
 ParOldGen       total 96256K, used 20738K [0x00000000a0000000, 0x00000000a5e00000, 0x00000000e0000000)
  object space 96256K, 21% used [0x00000000a0000000,0x00000000a1440a28,0x00000000a5e00000)
 Metaspace       used 44206K, capacity 45026K, committed 45144K, reserved 1087488K
  class space    used 6013K, capacity 6268K, committed 6272K, reserved 1048576K
}
Event: 11.939 GC heap before
{Heap before GC invocations=14 (full 2):
 PSYoungGen      total 101888K, used 101868K [0x00000000e0000000, 0x00000000e8800000, 0x0000000100000000)
  eden space 91136K, 100% used [0x00000000e0000000,0x00000000e5900000,0x00000000e5900000)
  from space 10752K, 99% used [0x00000000e5900000,0x00000000e637b310,0x00000000e6380000)
  to   space 13824K, 0% used [0x00000000e7a80000,0x00000000e7a80000,0x00000000e8800000)
 ParOldGen       total 96256K, used 20738K [0x00000000a0000000, 0x00000000a5e00000, 0x00000000e0000000)
  object space 96256K, 21% used [0x00000000a0000000,0x00000000a1440a28,0x00000000a5e00000)
 Metaspace       used 51371K, capacity 52690K, committed 52824K, reserved 1095680K
  class space    used 6916K, capacity 7228K, committed 7296K, reserved 1048576K
Event: 11.972 GC heap after
Heap after GC invocations=14 (full 2):
 PSYoungGen      total 122368K, used 13816K [0x00000000e0000000, 0x00000000e9080000, 0x0000000100000000)
  eden space 108544K, 0% used [0x00000000e0000000,0x00000000e0000000,0x00000000e6a00000)
  from space 13824K, 99% used [0x00000000e7a80000,0x00000000e87fe198,0x00000000e8800000)
  to   space 16896K, 0% used [0x00000000e6a00000,0x00000000e6a00000,0x00000000e7a80000)
 ParOldGen       total 96256K, used 24651K [0x00000000a0000000, 0x00000000a5e00000, 0x00000000e0000000)
  object space 96256K, 25% used [0x00000000a0000000,0x00000000a1812ef8,0x00000000a5e00000)
 Metaspace       used 51371K, capacity 52690K, committed 52824K, reserved 1095680K
  class space    used 6916K, capacity 7228K, committed 7296K, reserved 1048576K
}
Event: 14.582 GC heap before
{Heap before GC invocations=15 (full 2):
 PSYoungGen      total 122368K, used 122360K [0x00000000e0000000, 0x00000000e9080000, 0x0000000100000000)
  eden space 108544K, 100% used [0x00000000e0000000,0x00000000e6a00000,0x00000000e6a00000)
  from space 13824K, 99% used [0x00000000e7a80000,0x00000000e87fe198,0x00000000e8800000)
  to   space 16896K, 0% used [0x00000000e6a00000,0x00000000e6a00000,0x00000000e7a80000)
 ParOldGen       total 96256K, used 24651K [0x00000000a0000000, 0x00000000a5e00000, 0x00000000e0000000)
  object space 96256K, 25% used [0x00000000a0000000,0x00000000a1812ef8,0x00000000a5e00000)
 Metaspace       used 56351K, capacity 58050K, committed 58328K, reserved 1099776K
  class space    used 7655K, capacity 8080K, committed 8192K, reserved 1048576K
Event: 14.664 GC heap after
Heap after GC invocations=15 (full 2):
 PSYoungGen      total 125440K, used 16881K [0x00000000e0000000, 0x00000000e9080000, 0x0000000100000000)
  eden space 108544K, 0% used [0x00000000e0000000,0x00000000e0000000,0x00000000e6a00000)
  from space 16896K, 99% used [0x00000000e6a00000,0x00000000e7a7c6d0,0x00000000e7a80000)
  to   space 13824K, 0% used [0x00000000e7a80000,0x00000000e7a80000,0x00000000e8800000)
 ParOldGen       total 96256K, used 32552K [0x00000000a0000000, 0x00000000a5e00000, 0x00000000e0000000)
  object space 96256K, 33% used [0x00000000a0000000,0x00000000a1fca1d8,0x00000000a5e00000)
 Metaspace       used 56351K, capacity 58050K, committed 58328K, reserved 1099776K
  class space    used 7655K, capacity 8080K, committed 8192K, reserved 1048576K
}
Event: 16.313 GC heap before
{Heap before GC invocations=16 (full 2):
 PSYoungGen      total 125440K, used 67592K [0x00000000e0000000, 0x00000000e9080000, 0x0000000100000000)
  eden space 108544K, 46% used [0x00000000e0000000,0x00000000e3185bb8,0x00000000e6a00000)
  from space 16896K, 99% used [0x00000000e6a00000,0x00000000e7a7c6d0,0x00000000e7a80000)
  to   space 13824K, 0% used [0x00000000e7a80000,0x00000000e7a80000,0x00000000e8800000)
 ParOldGen       total 96256K, used 32552K [0x00000000a0000000, 0x00000000a5e00000, 0x00000000e0000000)
  object space 96256K, 33% used [0x00000000a0000000,0x00000000a1fca1d8,0x00000000a5e00000)
 Metaspace       used 57014K, capacity 58840K, committed 58968K, reserved 1099776K
  class space    used 7732K, capacity 8197K, committed 8320K, reserved 1048576K
Event: 16.336 GC heap after
Heap after GC invocations=16 (full 2):
 PSYoungGen      total 115200K, used 13793K [0x00000000e0000000, 0x00000000eb600000, 0x0000000100000000)
  eden space 101376K, 0% used [0x00000000e0000000,0x00000000e0000000,0x00000000e6300000)
  from space 13824K, 99% used [0x00000000e7a80000,0x00000000e87f86e0,0x00000000e8800000)
  to   space 24064K, 0% used [0x00000000e6300000,0x00000000e6300000,0x00000000e7a80000)
 ParOldGen       total 96256K, used 37508K [0x00000000a0000000, 0x00000000a5e00000, 0x00000000e0000000)
  object space 96256K, 38% used [0x00000000a0000000,0x00000000a24a1048,0x00000000a5e00000)
 Metaspace       used 57014K, capacity 58840K, committed 58968K, reserved 1099776K
  class space    used 7732K, capacity 8197K, committed 8320K, reserved 1048576K
}
Event: 16.336 GC heap before
{Heap before GC invocations=17 (full 3):
 PSYoungGen      total 115200K, used 13793K [0x00000000e0000000, 0x00000000eb600000, 0x0000000100000000)
  eden space 101376K, 0% used [0x00000000e0000000,0x00000000e0000000,0x00000000e6300000)
  from space 13824K, 99% used [0x00000000e7a80000,0x00000000e87f86e0,0x00000000e8800000)
  to   space 24064K, 0% used [0x00000000e6300000,0x00000000e6300000,0x00000000e7a80000)
 ParOldGen       total 96256K, used 37508K [0x00000000a0000000, 0x00000000a5e00000, 0x00000000e0000000)
  object space 96256K, 38% used [0x00000000a0000000,0x00000000a24a1048,0x00000000a5e00000)
 Metaspace       used 57014K, capacity 58840K, committed 58968K, reserved 1099776K
  class space    used 7732K, capacity 8197K, committed 8320K, reserved 1048576K
Event: 16.676 GC heap after
Heap after GC invocations=17 (full 3):
 PSYoungGen      total 115200K, used 0K [0x00000000e0000000, 0x00000000eb600000, 0x0000000100000000)
  eden space 101376K, 0% used [0x00000000e0000000,0x00000000e0000000,0x00000000e6300000)
  from space 13824K, 0% used [0x00000000e7a80000,0x00000000e7a80000,0x00000000e8800000)
  to   space 24064K, 0% used [0x00000000e6300000,0x00000000e6300000,0x00000000e7a80000)
 ParOldGen       total 96256K, used 40497K [0x00000000a0000000, 0x00000000a5e00000, 0x00000000e0000000)
  object space 96256K, 42% used [0x00000000a0000000,0x00000000a278c428,0x00000000a5e00000)
 Metaspace       used 57014K, capacity 58840K, committed 58968K, reserved 1099776K
  class space    used 7732K, capacity 8197K, committed 8320K, reserved 1048576K
}

