# JRE version: OpenJDK Runtime Environment (8.0_152-b06) (build 1.8.0_152-release-1136-b06)
# Java VM: OpenJDK 64-Bit Server VM (25.152-b06 mixed mode windows-amd64 compressed oops)
Heap:
 PSYoungGen      total 144896K, used 57858K [0x00000000e0000000, 0x00000000ebc00000, 0x0000000100000000)
  eden space 124928K, 46% used [0x00000000e0000000,0x00000000e38808b0,0x00000000e7a00000)
  from space 19968K, 0% used [0x00000000e7a00000,0x00000000e7a00000,0x00000000e8d80000)
  to   space 19456K, 0% used [0x00000000ea900000,0x00000000ea900000,0x00000000ebc00000)
 ParOldGen       total 93696K, used 37408K [0x00000000a0000000, 0x00000000a5b80000, 0x00000000e0000000)
  object space 93696K, 39% used [0x00000000a0000000,0x00000000a24880e0,0x00000000a5b80000)
 Metaspace       used 57400K, capacity 59358K, committed 59668K, reserved 1099776K
  class space    used 7888K, capacity 8384K, committed 8468K, reserved 1048576K
GC Heap History (10 events):
Event: 10.719 GC heap before
{Heap before GC invocations=12 (full 2):
 PSYoungGen      total 94208K, used 82944K [0x00000000e0000000, 0x00000000e8980000, 0x0000000100000000)
  eden space 82944K, 100% used [0x00000000e0000000,0x00000000e5100000,0x00000000e5100000)
  from space 11264K, 0% used [0x00000000e5100000,0x00000000e5100000,0x00000000e5c00000)
  to   space 11776K, 0% used [0x00000000e7e00000,0x00000000e7e00000,0x00000000e8980000)
 ParOldGen       total 93696K, used 17171K [0x00000000a0000000, 0x00000000a5b80000, 0x00000000e0000000)
  object space 93696K, 18% used [0x00000000a0000000,0x00000000a10c4e20,0x00000000a5b80000)
 Metaspace       used 40154K, capacity 40948K, committed 41088K, reserved 1085440K
  class space    used 5486K, capacity 5757K, committed 5760K, reserved 1048576K
Event: 10.732 GC heap after
Heap after GC invocations=12 (full 2):
 PSYoungGen      total 113152K, used 8382K [0x00000000e0000000, 0x00000000e8680000, 0x0000000100000000)
  eden space 104448K, 0% used [0x00000000e0000000,0x00000000e0000000,0x00000000e6600000)
  from space 8704K, 96% used [0x00000000e7e00000,0x00000000e862f8e0,0x00000000e8680000)
  to   space 11776K, 0% used [0x00000000e6f80000,0x00000000e6f80000,0x00000000e7b00000)
 ParOldGen       total 93696K, used 17179K [0x00000000a0000000, 0x00000000a5b80000, 0x00000000e0000000)
  object space 93696K, 18% used [0x00000000a0000000,0x00000000a10c6e20,0x00000000a5b80000)
 Metaspace       used 40154K, capacity 40948K, committed 41088K, reserved 1085440K
  class space    used 5486K, capacity 5757K, committed 5760K, reserved 1048576K
}
Event: 12.991 GC heap before
{Heap before GC invocations=13 (full 2):
 PSYoungGen      total 113152K, used 112830K [0x00000000e0000000, 0x00000000e8680000, 0x0000000100000000)
  eden space 104448K, 100% used [0x00000000e0000000,0x00000000e6600000,0x00000000e6600000)
  from space 8704K, 96% used [0x00000000e7e00000,0x00000000e862f8e0,0x00000000e8680000)
  to   space 11776K, 0% used [0x00000000e6f80000,0x00000000e6f80000,0x00000000e7b00000)
 ParOldGen       total 93696K, used 17179K [0x00000000a0000000, 0x00000000a5b80000, 0x00000000e0000000)
  object space 93696K, 18% used [0x00000000a0000000,0x00000000a10c6e20,0x00000000a5b80000)
 Metaspace       used 48528K, capacity 49654K, committed 49920K, reserved 1091584K
  class space    used 6551K, capacity 6879K, committed 6912K, reserved 1048576K
Event: 13.011 GC heap after
Heap after GC invocations=13 (full 2):
 PSYoungGen      total 125952K, used 11775K [0x00000000e0000000, 0x00000000e9c80000, 0x0000000100000000)
  eden space 114176K, 0% used [0x00000000e0000000,0x00000000e0000000,0x00000000e6f80000)
  from space 11776K, 99% used [0x00000000e6f80000,0x00000000e7affc38,0x00000000e7b00000)
  to   space 15360K, 0% used [0x00000000e8d80000,0x00000000e8d80000,0x00000000e9c80000)
 ParOldGen       total 93696K, used 22860K [0x00000000a0000000, 0x00000000a5b80000, 0x00000000e0000000)
  object space 93696K, 24% used [0x00000000a0000000,0x00000000a16532b8,0x00000000a5b80000)
 Metaspace       used 48528K, capacity 49654K, committed 49920K, reserved 1091584K
  class space    used 6551K, capacity 6879K, committed 6912K, reserved 1048576K
}
Event: 15.159 GC heap before
{Heap before GC invocations=14 (full 2):
 PSYoungGen      total 125952K, used 125951K [0x00000000e0000000, 0x00000000e9c80000, 0x0000000100000000)
  eden space 114176K, 100% used [0x00000000e0000000,0x00000000e6f80000,0x00000000e6f80000)
  from space 11776K, 99% used [0x00000000e6f80000,0x00000000e7affc38,0x00000000e7b00000)
  to   space 15360K, 0% used [0x00000000e8d80000,0x00000000e8d80000,0x00000000e9c80000)
 ParOldGen       total 93696K, used 22860K [0x00000000a0000000, 0x00000000a5b80000, 0x00000000e0000000)
  object space 93696K, 24% used [0x00000000a0000000,0x00000000a16532b8,0x00000000a5b80000)
 Metaspace       used 54845K, capacity 56684K, committed 56960K, reserved 1097728K
  class space    used 7497K, capacity 7972K, committed 8064K, reserved 1048576K
Event: 15.203 GC heap after
Heap after GC invocations=14 (full 2):
 PSYoungGen      total 140288K, used 15332K [0x00000000e0000000, 0x00000000eb380000, 0x0000000100000000)
  eden space 124928K, 0% used [0x00000000e0000000,0x00000000e0000000,0x00000000e7a00000)
  from space 15360K, 99% used [0x00000000e8d80000,0x00000000e9c793b0,0x00000000e9c80000)
  to   space 19968K, 0% used [0x00000000e7a00000,0x00000000e7a00000,0x00000000e8d80000)
 ParOldGen       total 93696K, used 29928K [0x00000000a0000000, 0x00000000a5b80000, 0x00000000e0000000)
  object space 93696K, 31% used [0x00000000a0000000,0x00000000a1d3a008,0x00000000a5b80000)
 Metaspace       used 54845K, capacity 56684K, committed 56960K, reserved 1097728K
  class space    used 7497K, capacity 7972K, committed 8064K, reserved 1048576K
}
Event: 22.640 GC heap before
{Heap before GC invocations=15 (full 2):
 PSYoungGen      total 140288K, used 76145K [0x00000000e0000000, 0x00000000eb380000, 0x0000000100000000)
  eden space 124928K, 48% used [0x00000000e0000000,0x00000000e3b632d0,0x00000000e7a00000)
  from space 15360K, 99% used [0x00000000e8d80000,0x00000000e9c793b0,0x00000000e9c80000)
  to   space 19968K, 0% used [0x00000000e7a00000,0x00000000e7a00000,0x00000000e8d80000)
 ParOldGen       total 93696K, used 29928K [0x00000000a0000000, 0x00000000a5b80000, 0x00000000e0000000)
  object space 93696K, 31% used [0x00000000a0000000,0x00000000a1d3a008,0x00000000a5b80000)
 Metaspace       used 57063K, capacity 58896K, committed 59028K, reserved 1099776K
  class space    used 7865K, capacity 8330K, committed 8340K, reserved 1048576K
Event: 22.662 GC heap after
Heap after GC invocations=15 (full 2):
 PSYoungGen      total 144896K, used 4883K [0x00000000e0000000, 0x00000000ebc00000, 0x0000000100000000)
  eden space 124928K, 0% used [0x00000000e0000000,0x00000000e0000000,0x00000000e7a00000)
  from space 19968K, 24% used [0x00000000e7a00000,0x00000000e7ec4fc0,0x00000000e8d80000)
  to   space 19456K, 0% used [0x00000000ea900000,0x00000000ea900000,0x00000000ebc00000)
 ParOldGen       total 93696K, used 42959K [0x00000000a0000000, 0x00000000a5b80000, 0x00000000e0000000)
  object space 93696K, 45% used [0x00000000a0000000,0x00000000a29f3d10,0x00000000a5b80000)
 Metaspace       used 57063K, capacity 58896K, committed 59028K, reserved 1099776K
  class space    used 7865K, capacity 8330K, committed 8340K, reserved 1048576K
}
Event: 22.662 GC heap before
{Heap before GC invocations=16 (full 3):
 PSYoungGen      total 144896K, used 4883K [0x00000000e0000000, 0x00000000ebc00000, 0x0000000100000000)
  eden space 124928K, 0% used [0x00000000e0000000,0x00000000e0000000,0x00000000e7a00000)
  from space 19968K, 24% used [0x00000000e7a00000,0x00000000e7ec4fc0,0x00000000e8d80000)
  to   space 19456K, 0% used [0x00000000ea900000,0x00000000ea900000,0x00000000ebc00000)
 ParOldGen       total 93696K, used 42959K [0x00000000a0000000, 0x00000000a5b80000, 0x00000000e0000000)
  object space 93696K, 45% used [0x00000000a0000000,0x00000000a29f3d10,0x00000000a5b80000)
 Metaspace       used 57063K, capacity 58896K, committed 59028K, reserved 1099776K
  class space    used 7865K, capacity 8330K, committed 8340K, reserved 1048576K
Event: 23.037 GC heap after
Heap after GC invocations=16 (full 3):
 PSYoungGen      total 144896K, used 0K [0x00000000e0000000, 0x00000000ebc00000, 0x0000000100000000)
  eden space 124928K, 0% used [0x00000000e0000000,0x00000000e0000000,0x00000000e7a00000)
  from space 19968K, 0% used [0x00000000e7a00000,0x00000000e7a00000,0x00000000e8d80000)
  to   space 19456K, 0% used [0x00000000ea900000,0x00000000ea900000,0x00000000ebc00000)
 ParOldGen       total 93696K, used 37408K [0x00000000a0000000, 0x00000000a5b80000, 0x00000000e0000000)
  object space 93696K, 39% used [0x00000000a0000000,0x00000000a24880e0,0x00000000a5b80000)
 Metaspace       used 57063K, capacity 58896K, committed 59028K, reserved 1099776K
  class space    used 7865K, capacity 8330K, committed 8340K, reserved 1048576K
}

