# JRE version: OpenJDK Runtime Environment (8.0_152-b06) (build 1.8.0_152-release-1136-b06)
# Java VM: OpenJDK 64-Bit Server VM (25.152-b06 mixed mode windows-amd64 compressed oops)
Heap:
 PSYoungGen      total 133632K, used 55336K [0x00000000e0000000, 0x00000000ea500000, 0x0000000100000000)
  eden space 119296K, 34% used [0x00000000e0000000,0x00000000e280e598,0x00000000e7480000)
  from space 14336K, 99% used [0x00000000e8600000,0x00000000e93fbc70,0x00000000e9400000)
  to   space 17920K, 0% used [0x00000000e7480000,0x00000000e7480000,0x00000000e8600000)
 ParOldGen       total 93696K, used 27192K [0x00000000a0000000, 0x00000000a5b80000, 0x00000000e0000000)
  object space 93696K, 29% used [0x00000000a0000000,0x00000000a1a8e0d8,0x00000000a5b80000)
 Metaspace       used 55701K, capacity 57434K, committed 57472K, reserved 1099776K
  class space    used 7625K, capacity 8030K, committed 8064K, reserved 1048576K
GC Heap History (10 events):
Event: 8.666 GC heap before
{Heap before GC invocations=10 (full 1):
 PSYoungGen      total 89600K, used 27126K [0x00000000e0000000, 0x00000000e7000000, 0x0000000100000000)
  eden space 79872K, 22% used [0x00000000e0000000,0x00000000e114df08,0x00000000e4e00000)
  from space 9728K, 96% used [0x00000000e5880000,0x00000000e61afb80,0x00000000e6200000)
  to   space 10752K, 0% used [0x00000000e4e00000,0x00000000e4e00000,0x00000000e5880000)
 ParOldGen       total 59392K, used 8242K [0x00000000a0000000, 0x00000000a3a00000, 0x00000000e0000000)
  object space 59392K, 13% used [0x00000000a0000000,0x00000000a080caf0,0x00000000a3a00000)
 Metaspace       used 34716K, capacity 35292K, committed 35416K, reserved 1079296K
  class space    used 4797K, capacity 5020K, committed 5120K, reserved 1048576K
Event: 8.679 GC heap after
Heap after GC invocations=10 (full 1):
 PSYoungGen      total 90624K, used 7000K [0x00000000e0000000, 0x00000000e8100000, 0x0000000100000000)
  eden space 79872K, 0% used [0x00000000e0000000,0x00000000e0000000,0x00000000e4e00000)
  from space 10752K, 65% used [0x00000000e4e00000,0x00000000e54d6250,0x00000000e5880000)
  to   space 10752K, 0% used [0x00000000e7680000,0x00000000e7680000,0x00000000e8100000)
 ParOldGen       total 59392K, used 9958K [0x00000000a0000000, 0x00000000a3a00000, 0x00000000e0000000)
  object space 59392K, 16% used [0x00000000a0000000,0x00000000a09b9b80,0x00000000a3a00000)
 Metaspace       used 34716K, capacity 35292K, committed 35416K, reserved 1079296K
  class space    used 4797K, capacity 5020K, committed 5120K, reserved 1048576K
}
Event: 8.679 GC heap before
{Heap before GC invocations=11 (full 2):
 PSYoungGen      total 90624K, used 7000K [0x00000000e0000000, 0x00000000e8100000, 0x0000000100000000)
  eden space 79872K, 0% used [0x00000000e0000000,0x00000000e0000000,0x00000000e4e00000)
  from space 10752K, 65% used [0x00000000e4e00000,0x00000000e54d6250,0x00000000e5880000)
  to   space 10752K, 0% used [0x00000000e7680000,0x00000000e7680000,0x00000000e8100000)
 ParOldGen       total 59392K, used 9958K [0x00000000a0000000, 0x00000000a3a00000, 0x00000000e0000000)
  object space 59392K, 16% used [0x00000000a0000000,0x00000000a09b9b80,0x00000000a3a00000)
 Metaspace       used 34716K, capacity 35292K, committed 35416K, reserved 1079296K
  class space    used 4797K, capacity 5020K, committed 5120K, reserved 1048576K
Event: 8.804 GC heap after
Heap after GC invocations=11 (full 2):
 PSYoungGen      total 90624K, used 0K [0x00000000e0000000, 0x00000000e8100000, 0x0000000100000000)
  eden space 79872K, 0% used [0x00000000e0000000,0x00000000e0000000,0x00000000e4e00000)
  from space 10752K, 0% used [0x00000000e4e00000,0x00000000e4e00000,0x00000000e5880000)
  to   space 10752K, 0% used [0x00000000e7680000,0x00000000e7680000,0x00000000e8100000)
 ParOldGen       total 93696K, used 15102K [0x00000000a0000000, 0x00000000a5b80000, 0x00000000e0000000)
  object space 93696K, 16% used [0x00000000a0000000,0x00000000a0ebfa10,0x00000000a5b80000)
 Metaspace       used 34716K, capacity 35292K, committed 35416K, reserved 1079296K
  class space    used 4797K, capacity 5020K, committed 5120K, reserved 1048576K
}
Event: 9.932 GC heap before
{Heap before GC invocations=12 (full 2):
 PSYoungGen      total 90624K, used 79872K [0x00000000e0000000, 0x00000000e8100000, 0x0000000100000000)
  eden space 79872K, 100% used [0x00000000e0000000,0x00000000e4e00000,0x00000000e4e00000)
  from space 10752K, 0% used [0x00000000e4e00000,0x00000000e4e00000,0x00000000e5880000)
  to   space 10752K, 0% used [0x00000000e7680000,0x00000000e7680000,0x00000000e8100000)
 ParOldGen       total 93696K, used 15102K [0x00000000a0000000, 0x00000000a5b80000, 0x00000000e0000000)
  object space 93696K, 16% used [0x00000000a0000000,0x00000000a0ebfa10,0x00000000a5b80000)
 Metaspace       used 39370K, capacity 40094K, committed 40448K, reserved 1083392K
  class space    used 5363K, capacity 5593K, committed 5632K, reserved 1048576K
Event: 9.948 GC heap after
Heap after GC invocations=12 (full 2):
 PSYoungGen      total 107520K, used 7862K [0x00000000e0000000, 0x00000000e7e80000, 0x0000000100000000)
  eden space 99328K, 0% used [0x00000000e0000000,0x00000000e0000000,0x00000000e6100000)
  from space 8192K, 95% used [0x00000000e7680000,0x00000000e7e2d8e8,0x00000000e7e80000)
  to   space 10752K, 0% used [0x00000000e6980000,0x00000000e6980000,0x00000000e7400000)
 ParOldGen       total 93696K, used 15102K [0x00000000a0000000, 0x00000000a5b80000, 0x00000000e0000000)
  object space 93696K, 16% used [0x00000000a0000000,0x00000000a0ebfa10,0x00000000a5b80000)
 Metaspace       used 39370K, capacity 40094K, committed 40448K, reserved 1083392K
  class space    used 5363K, capacity 5593K, committed 5632K, reserved 1048576K
}
Event: 11.944 GC heap before
{Heap before GC invocations=13 (full 2):
 PSYoungGen      total 107520K, used 107190K [0x00000000e0000000, 0x00000000e7e80000, 0x0000000100000000)
  eden space 99328K, 100% used [0x00000000e0000000,0x00000000e6100000,0x00000000e6100000)
  from space 8192K, 95% used [0x00000000e7680000,0x00000000e7e2d8e8,0x00000000e7e80000)
  to   space 10752K, 0% used [0x00000000e6980000,0x00000000e6980000,0x00000000e7400000)
 ParOldGen       total 93696K, used 15102K [0x00000000a0000000, 0x00000000a5b80000, 0x00000000e0000000)
  object space 93696K, 16% used [0x00000000a0000000,0x00000000a0ebfa10,0x00000000a5b80000)
 Metaspace       used 47747K, capacity 48670K, committed 48768K, reserved 1091584K
  class space    used 6434K, capacity 6714K, committed 6784K, reserved 1048576K
Event: 11.972 GC heap after
Heap after GC invocations=13 (full 2):
 PSYoungGen      total 118784K, used 10733K [0x00000000e0000000, 0x00000000e9400000, 0x0000000100000000)
  eden space 108032K, 0% used [0x00000000e0000000,0x00000000e0000000,0x00000000e6980000)
  from space 10752K, 99% used [0x00000000e6980000,0x00000000e73fb708,0x00000000e7400000)
  to   space 14336K, 0% used [0x00000000e8600000,0x00000000e8600000,0x00000000e9400000)
 ParOldGen       total 93696K, used 21952K [0x00000000a0000000, 0x00000000a5b80000, 0x00000000e0000000)
  object space 93696K, 23% used [0x00000000a0000000,0x00000000a1570288,0x00000000a5b80000)
 Metaspace       used 47747K, capacity 48670K, committed 48768K, reserved 1091584K
  class space    used 6434K, capacity 6714K, committed 6784K, reserved 1048576K
}
Event: 14.029 GC heap before
{Heap before GC invocations=14 (full 2):
 PSYoungGen      total 118784K, used 118765K [0x00000000e0000000, 0x00000000e9400000, 0x0000000100000000)
  eden space 108032K, 100% used [0x00000000e0000000,0x00000000e6980000,0x00000000e6980000)
  from space 10752K, 99% used [0x00000000e6980000,0x00000000e73fb708,0x00000000e7400000)
  to   space 14336K, 0% used [0x00000000e8600000,0x00000000e8600000,0x00000000e9400000)
 ParOldGen       total 93696K, used 21952K [0x00000000a0000000, 0x00000000a5b80000, 0x00000000e0000000)
  object space 93696K, 23% used [0x00000000a0000000,0x00000000a1570288,0x00000000a5b80000)
 Metaspace       used 53914K, capacity 55560K, committed 55680K, reserved 1097728K
  class space    used 7334K, capacity 7773K, committed 7808K, reserved 1048576K
Event: 14.059 GC heap after
Heap after GC invocations=14 (full 2):
 PSYoungGen      total 133632K, used 14319K [0x00000000e0000000, 0x00000000ea500000, 0x0000000100000000)
  eden space 119296K, 0% used [0x00000000e0000000,0x00000000e0000000,0x00000000e7480000)
  from space 14336K, 99% used [0x00000000e8600000,0x00000000e93fbc70,0x00000000e9400000)
  to   space 17920K, 0% used [0x00000000e7480000,0x00000000e7480000,0x00000000e8600000)
 ParOldGen       total 93696K, used 27192K [0x00000000a0000000, 0x00000000a5b80000, 0x00000000e0000000)
  object space 93696K, 29% used [0x00000000a0000000,0x00000000a1a8e0d8,0x00000000a5b80000)
 Metaspace       used 53914K, capacity 55560K, committed 55680K, reserved 1097728K
  class space    used 7334K, capacity 7773K, committed 7808K, reserved 1048576K
}

