# JRE version: OpenJDK Runtime Environment (8.0_152-b06) (build 1.8.0_152-release-1136-b06)
# Java VM: OpenJDK 64-Bit Server VM (25.152-b06 mixed mode windows-amd64 compressed oops)
Heap:
 PSYoungGen      total 145408K, used 21937K [0x00000000e0000000, 0x00000000ea200000, 0x0000000100000000)
  eden space 133120K, 7% used [0x00000000e0000000,0x00000000e0a02e30,0x00000000e8200000)
  from space 12288K, 95% used [0x00000000e8a00000,0x00000000e95698f8,0x00000000e9600000)
  to   space 10752K, 0% used [0x00000000e9780000,0x00000000e9780000,0x00000000ea200000)
 ParOldGen       total 53760K, used 22856K [0x00000000a0000000, 0x00000000a3480000, 0x00000000e0000000)
  object space 53760K, 42% used [0x00000000a0000000,0x00000000a1652348,0x00000000a3480000)
 Metaspace       used 50316K, capacity 51476K, committed 51544K, reserved 1093632K
  class space    used 6730K, capacity 7025K, committed 7040K, reserved 1048576K
GC Heap History (10 events):
Event: 9.569 GC heap before
{Heap before GC invocations=9 (full 1):
 PSYoungGen      total 69632K, used 65860K [0x00000000e0000000, 0x00000000e7580000, 0x0000000100000000)
  eden space 59392K, 100% used [0x00000000e0000000,0x00000000e3a00000,0x00000000e3a00000)
  from space 10240K, 63% used [0x00000000e3a00000,0x00000000e4051290,0x00000000e4400000)
  to   space 10240K, 0% used [0x00000000e6b80000,0x00000000e6b80000,0x00000000e7580000)
 ParOldGen       total 53760K, used 8467K [0x00000000a0000000, 0x00000000a3480000, 0x00000000e0000000)
  object space 53760K, 15% used [0x00000000a0000000,0x00000000a0844e80,0x00000000a3480000)
 Metaspace       used 33149K, capacity 33700K, committed 33792K, reserved 1079296K
  class space    used 4611K, capacity 4806K, committed 4864K, reserved 1048576K
Event: 9.587 GC heap after
Heap after GC invocations=9 (full 1):
 PSYoungGen      total 109056K, used 9818K [0x00000000e0000000, 0x00000000e7800000, 0x0000000100000000)
  eden space 98816K, 0% used [0x00000000e0000000,0x00000000e0000000,0x00000000e6080000)
  from space 10240K, 95% used [0x00000000e6b80000,0x00000000e7516b00,0x00000000e7580000)
  to   space 11264K, 0% used [0x00000000e6080000,0x00000000e6080000,0x00000000e6b80000)
 ParOldGen       total 53760K, used 8475K [0x00000000a0000000, 0x00000000a3480000, 0x00000000e0000000)
  object space 53760K, 15% used [0x00000000a0000000,0x00000000a0846e80,0x00000000a3480000)
 Metaspace       used 33149K, capacity 33700K, committed 33792K, reserved 1079296K
  class space    used 4611K, capacity 4806K, committed 4864K, reserved 1048576K
}
Event: 9.815 GC heap before
{Heap before GC invocations=10 (full 1):
 PSYoungGen      total 109056K, used 20795K [0x00000000e0000000, 0x00000000e7800000, 0x0000000100000000)
  eden space 98816K, 11% used [0x00000000e0000000,0x00000000e0ab83e0,0x00000000e6080000)
  from space 10240K, 95% used [0x00000000e6b80000,0x00000000e7516b00,0x00000000e7580000)
  to   space 11264K, 0% used [0x00000000e6080000,0x00000000e6080000,0x00000000e6b80000)
 ParOldGen       total 53760K, used 8475K [0x00000000a0000000, 0x00000000a3480000, 0x00000000e0000000)
  object space 53760K, 15% used [0x00000000a0000000,0x00000000a0846e80,0x00000000a3480000)
 Metaspace       used 34795K, capacity 35356K, committed 35416K, reserved 1079296K
  class space    used 4778K, capacity 4976K, committed 4992K, reserved 1048576K
Event: 9.831 GC heap after
Heap after GC invocations=10 (full 1):
 PSYoungGen      total 110080K, used 6559K [0x00000000e0000000, 0x00000000ea200000, 0x0000000100000000)
  eden space 98816K, 0% used [0x00000000e0000000,0x00000000e0000000,0x00000000e6080000)
  from space 11264K, 58% used [0x00000000e6080000,0x00000000e66e7f30,0x00000000e6b80000)
  to   space 10752K, 0% used [0x00000000e9780000,0x00000000e9780000,0x00000000ea200000)
 ParOldGen       total 53760K, used 9739K [0x00000000a0000000, 0x00000000a3480000, 0x00000000e0000000)
  object space 53760K, 18% used [0x00000000a0000000,0x00000000a0982f30,0x00000000a3480000)
 Metaspace       used 34795K, capacity 35356K, committed 35416K, reserved 1079296K
  class space    used 4778K, capacity 4976K, committed 4992K, reserved 1048576K
}
Event: 9.831 GC heap before
{Heap before GC invocations=11 (full 2):
 PSYoungGen      total 110080K, used 6559K [0x00000000e0000000, 0x00000000ea200000, 0x0000000100000000)
  eden space 98816K, 0% used [0x00000000e0000000,0x00000000e0000000,0x00000000e6080000)
  from space 11264K, 58% used [0x00000000e6080000,0x00000000e66e7f30,0x00000000e6b80000)
  to   space 10752K, 0% used [0x00000000e9780000,0x00000000e9780000,0x00000000ea200000)
 ParOldGen       total 53760K, used 9739K [0x00000000a0000000, 0x00000000a3480000, 0x00000000e0000000)
  object space 53760K, 18% used [0x00000000a0000000,0x00000000a0982f30,0x00000000a3480000)
 Metaspace       used 34795K, capacity 35356K, committed 35416K, reserved 1079296K
  class space    used 4778K, capacity 4976K, committed 4992K, reserved 1048576K
Event: 9.956 GC heap after
Heap after GC invocations=11 (full 2):
 PSYoungGen      total 110080K, used 0K [0x00000000e0000000, 0x00000000ea200000, 0x0000000100000000)
  eden space 98816K, 0% used [0x00000000e0000000,0x00000000e0000000,0x00000000e6080000)
  from space 11264K, 0% used [0x00000000e6080000,0x00000000e6080000,0x00000000e6b80000)
  to   space 10752K, 0% used [0x00000000e9780000,0x00000000e9780000,0x00000000ea200000)
 ParOldGen       total 53760K, used 14664K [0x00000000a0000000, 0x00000000a3480000, 0x00000000e0000000)
  object space 53760K, 27% used [0x00000000a0000000,0x00000000a0e522a8,0x00000000a3480000)
 Metaspace       used 34795K, capacity 35356K, committed 35416K, reserved 1079296K
  class space    used 4778K, capacity 4976K, committed 4992K, reserved 1048576K
}
Event: 11.886 GC heap before
{Heap before GC invocations=12 (full 2):
 PSYoungGen      total 110080K, used 98816K [0x00000000e0000000, 0x00000000ea200000, 0x0000000100000000)
  eden space 98816K, 100% used [0x00000000e0000000,0x00000000e6080000,0x00000000e6080000)
  from space 11264K, 0% used [0x00000000e6080000,0x00000000e6080000,0x00000000e6b80000)
  to   space 10752K, 0% used [0x00000000e9780000,0x00000000e9780000,0x00000000ea200000)
 ParOldGen       total 53760K, used 14664K [0x00000000a0000000, 0x00000000a3480000, 0x00000000e0000000)
  object space 53760K, 27% used [0x00000000a0000000,0x00000000a0e522a8,0x00000000a3480000)
 Metaspace       used 40943K, capacity 41570K, committed 41816K, reserved 1085440K
  class space    used 5473K, capacity 5695K, committed 5760K, reserved 1048576K
Event: 11.910 GC heap after
Heap after GC invocations=12 (full 2):
 PSYoungGen      total 143872K, used 10727K [0x00000000e0000000, 0x00000000ea200000, 0x0000000100000000)
  eden space 133120K, 0% used [0x00000000e0000000,0x00000000e0000000,0x00000000e8200000)
  from space 10752K, 99% used [0x00000000e9780000,0x00000000ea1f9e98,0x00000000ea200000)
  to   space 12288K, 0% used [0x00000000e8a00000,0x00000000e8a00000,0x00000000e9600000)
 ParOldGen       total 53760K, used 15576K [0x00000000a0000000, 0x00000000a3480000, 0x00000000e0000000)
  object space 53760K, 28% used [0x00000000a0000000,0x00000000a0f361f0,0x00000000a3480000)
 Metaspace       used 40943K, capacity 41570K, committed 41816K, reserved 1085440K
  class space    used 5473K, capacity 5695K, committed 5760K, reserved 1048576K
}
Event: 14.409 GC heap before
{Heap before GC invocations=13 (full 2):
 PSYoungGen      total 143872K, used 143847K [0x00000000e0000000, 0x00000000ea200000, 0x0000000100000000)
  eden space 133120K, 100% used [0x00000000e0000000,0x00000000e8200000,0x00000000e8200000)
  from space 10752K, 99% used [0x00000000e9780000,0x00000000ea1f9e98,0x00000000ea200000)
  to   space 12288K, 0% used [0x00000000e8a00000,0x00000000e8a00000,0x00000000e9600000)
 ParOldGen       total 53760K, used 15576K [0x00000000a0000000, 0x00000000a3480000, 0x00000000e0000000)
  object space 53760K, 28% used [0x00000000a0000000,0x00000000a0f361f0,0x00000000a3480000)
 Metaspace       used 49412K, capacity 50500K, committed 50648K, reserved 1093632K
  class space    used 6584K, capacity 6869K, committed 6912K, reserved 1048576K
Event: 14.437 GC heap after
Heap after GC invocations=13 (full 2):
 PSYoungGen      total 145408K, used 11686K [0x00000000e0000000, 0x00000000ea200000, 0x0000000100000000)
  eden space 133120K, 0% used [0x00000000e0000000,0x00000000e0000000,0x00000000e8200000)
  from space 12288K, 95% used [0x00000000e8a00000,0x00000000e95698f8,0x00000000e9600000)
  to   space 10752K, 0% used [0x00000000e9780000,0x00000000e9780000,0x00000000ea200000)
 ParOldGen       total 53760K, used 22856K [0x00000000a0000000, 0x00000000a3480000, 0x00000000e0000000)
  object space 53760K, 42% used [0x00000000a0000000,0x00000000a1652348,0x00000000a3480000)
 Metaspace       used 49412K, capacity 50500K, committed 50648K, reserved 1093632K
  class space    used 6584K, capacity 6869K, committed 6912K, reserved 1048576K
}

