# JRE version: OpenJDK Runtime Environment (8.0_152-b06) (build 1.8.0_152-release-1136-b06)
# Java VM: OpenJDK 64-Bit Server VM (25.152-b06 mixed mode windows-amd64 compressed oops)
Heap:
 PSYoungGen      total 99328K, used 10009K [0x00000000e0000000, 0x00000000e9680000, 0x0000000100000000)
  eden space 76800K, 8% used [0x00000000e0000000,0x00000000e06496d0,0x00000000e4b00000)
  from space 22528K, 15% used [0x00000000e4b00000,0x00000000e4e7ce50,0x00000000e6100000)
  to   space 31744K, 0% used [0x00000000e7780000,0x00000000e7780000,0x00000000e9680000)
 ParOldGen       total 84992K, used 84721K [0x00000000a0000000, 0x00000000a5300000, 0x00000000e0000000)
  object space 84992K, 99% used [0x00000000a0000000,0x00000000a52bc5a0,0x00000000a5300000)
 Metaspace       used 65802K, capacity 67776K, committed 68056K, reserved 1107968K
  class space    used 8722K, capacity 9215K, committed 9216K, reserved 1048576K
GC Heap History (10 events):
Event: 115.994 GC heap before
{Heap before GC invocations=25 (full 3):
 PSYoungGen      total 76800K, used 76794K [0x00000000e0000000, 0x00000000e6700000, 0x0000000100000000)
  eden space 68096K, 100% used [0x00000000e0000000,0x00000000e4280000,0x00000000e4280000)
  from space 8704K, 99% used [0x00000000e4280000,0x00000000e4afe830,0x00000000e4b00000)
  to   space 13824K, 0% used [0x00000000e5980000,0x00000000e5980000,0x00000000e6700000)
 ParOldGen       total 84992K, used 46542K [0x00000000a0000000, 0x00000000a5300000, 0x00000000e0000000)
  object space 84992K, 54% used [0x00000000a0000000,0x00000000a2d73be8,0x00000000a5300000)
 Metaspace       used 59762K, capacity 61770K, committed 62040K, reserved 1103872K
  class space    used 8070K, capacity 8536K, committed 8576K, reserved 1048576K
Event: 116.019 GC heap after
Heap after GC invocations=25 (full 3):
 PSYoungGen      total 90112K, used 11154K [0x00000000e0000000, 0x00000000e6780000, 0x0000000100000000)
  eden space 76288K, 0% used [0x00000000e0000000,0x00000000e0000000,0x00000000e4a80000)
  from space 13824K, 80% used [0x00000000e5980000,0x00000000e6464b80,0x00000000e6700000)
  to   space 14848K, 0% used [0x00000000e4a80000,0x00000000e4a80000,0x00000000e5900000)
 ParOldGen       total 84992K, used 52719K [0x00000000a0000000, 0x00000000a5300000, 0x00000000e0000000)
  object space 84992K, 62% used [0x00000000a0000000,0x00000000a337bd68,0x00000000a5300000)
 Metaspace       used 59762K, capacity 61770K, committed 62040K, reserved 1103872K
  class space    used 8070K, capacity 8536K, committed 8576K, reserved 1048576K
}
Event: 142.836 GC heap before
{Heap before GC invocations=26 (full 3):
 PSYoungGen      total 90112K, used 87442K [0x00000000e0000000, 0x00000000e6780000, 0x0000000100000000)
  eden space 76288K, 100% used [0x00000000e0000000,0x00000000e4a80000,0x00000000e4a80000)
  from space 13824K, 80% used [0x00000000e5980000,0x00000000e6464b80,0x00000000e6700000)
  to   space 14848K, 0% used [0x00000000e4a80000,0x00000000e4a80000,0x00000000e5900000)
 ParOldGen       total 84992K, used 52719K [0x00000000a0000000, 0x00000000a5300000, 0x00000000e0000000)
  object space 84992K, 62% used [0x00000000a0000000,0x00000000a337bd68,0x00000000a5300000)
 Metaspace       used 64033K, capacity 66080K, committed 66264K, reserved 1105920K
  class space    used 8617K, capacity 9119K, committed 9216K, reserved 1048576K
Event: 142.851 GC heap after
Heap after GC invocations=26 (full 3):
 PSYoungGen      total 91136K, used 10481K [0x00000000e0000000, 0x00000000e7000000, 0x0000000100000000)
  eden space 76288K, 0% used [0x00000000e0000000,0x00000000e0000000,0x00000000e4a80000)
  from space 14848K, 70% used [0x00000000e4a80000,0x00000000e54bc470,0x00000000e5900000)
  to   space 15360K, 0% used [0x00000000e6100000,0x00000000e6100000,0x00000000e7000000)
 ParOldGen       total 84992K, used 52727K [0x00000000a0000000, 0x00000000a5300000, 0x00000000e0000000)
  object space 84992K, 62% used [0x00000000a0000000,0x00000000a337dd68,0x00000000a5300000)
 Metaspace       used 64033K, capacity 66080K, committed 66264K, reserved 1105920K
  class space    used 8617K, capacity 9119K, committed 9216K, reserved 1048576K
}
Event: 143.656 GC heap before
{Heap before GC invocations=27 (full 3):
 PSYoungGen      total 91136K, used 86769K [0x00000000e0000000, 0x00000000e7000000, 0x0000000100000000)
  eden space 76288K, 100% used [0x00000000e0000000,0x00000000e4a80000,0x00000000e4a80000)
  from space 14848K, 70% used [0x00000000e4a80000,0x00000000e54bc470,0x00000000e5900000)
  to   space 15360K, 0% used [0x00000000e6100000,0x00000000e6100000,0x00000000e7000000)
 ParOldGen       total 84992K, used 52727K [0x00000000a0000000, 0x00000000a5300000, 0x00000000e0000000)
  object space 84992K, 62% used [0x00000000a0000000,0x00000000a337dd68,0x00000000a5300000)
 Metaspace       used 64133K, capacity 66144K, committed 66520K, reserved 1105920K
  class space    used 8622K, capacity 9119K, committed 9216K, reserved 1048576K
Event: 143.693 GC heap after
Heap after GC invocations=27 (full 3):
 PSYoungGen      total 92160K, used 15358K [0x00000000e0000000, 0x00000000e8900000, 0x0000000100000000)
  eden space 76800K, 0% used [0x00000000e0000000,0x00000000e0000000,0x00000000e4b00000)
  from space 15360K, 99% used [0x00000000e6100000,0x00000000e6fffab8,0x00000000e7000000)
  to   space 22528K, 0% used [0x00000000e4b00000,0x00000000e4b00000,0x00000000e6100000)
 ParOldGen       total 84992K, used 65960K [0x00000000a0000000, 0x00000000a5300000, 0x00000000e0000000)
  object space 84992K, 77% used [0x00000000a0000000,0x00000000a406a388,0x00000000a5300000)
 Metaspace       used 64133K, capacity 66144K, committed 66520K, reserved 1105920K
  class space    used 8622K, capacity 9119K, committed 9216K, reserved 1048576K
}
Event: 148.327 GC heap before
{Heap before GC invocations=28 (full 3):
 PSYoungGen      total 92160K, used 92158K [0x00000000e0000000, 0x00000000e8900000, 0x0000000100000000)
  eden space 76800K, 100% used [0x00000000e0000000,0x00000000e4b00000,0x00000000e4b00000)
  from space 15360K, 99% used [0x00000000e6100000,0x00000000e6fffab8,0x00000000e7000000)
  to   space 22528K, 0% used [0x00000000e4b00000,0x00000000e4b00000,0x00000000e6100000)
 ParOldGen       total 84992K, used 65960K [0x00000000a0000000, 0x00000000a5300000, 0x00000000e0000000)
  object space 84992K, 77% used [0x00000000a0000000,0x00000000a406a388,0x00000000a5300000)
 Metaspace       used 65732K, capacity 67712K, committed 67800K, reserved 1107968K
  class space    used 8722K, capacity 9215K, committed 9216K, reserved 1048576K
Event: 148.378 GC heap after
Heap after GC invocations=28 (full 3):
 PSYoungGen      total 99328K, used 22521K [0x00000000e0000000, 0x00000000e9680000, 0x0000000100000000)
  eden space 76800K, 0% used [0x00000000e0000000,0x00000000e0000000,0x00000000e4b00000)
  from space 22528K, 99% used [0x00000000e4b00000,0x00000000e60fe4e0,0x00000000e6100000)
  to   space 31744K, 0% used [0x00000000e7780000,0x00000000e7780000,0x00000000e9680000)
 ParOldGen       total 84992K, used 81865K [0x00000000a0000000, 0x00000000a5300000, 0x00000000e0000000)
  object space 84992K, 96% used [0x00000000a0000000,0x00000000a4ff26f8,0x00000000a5300000)
 Metaspace       used 65732K, capacity 67712K, committed 67800K, reserved 1107968K
  class space    used 8722K, capacity 9215K, committed 9216K, reserved 1048576K
}
Event: 148.378 GC heap before
{Heap before GC invocations=29 (full 4):
 PSYoungGen      total 99328K, used 22521K [0x00000000e0000000, 0x00000000e9680000, 0x0000000100000000)
  eden space 76800K, 0% used [0x00000000e0000000,0x00000000e0000000,0x00000000e4b00000)
  from space 22528K, 99% used [0x00000000e4b00000,0x00000000e60fe4e0,0x00000000e6100000)
  to   space 31744K, 0% used [0x00000000e7780000,0x00000000e7780000,0x00000000e9680000)
 ParOldGen       total 84992K, used 81865K [0x00000000a0000000, 0x00000000a5300000, 0x00000000e0000000)
  object space 84992K, 96% used [0x00000000a0000000,0x00000000a4ff26f8,0x00000000a5300000)
 Metaspace       used 65732K, capacity 67712K, committed 67800K, reserved 1107968K
  class space    used 8722K, capacity 9215K, committed 9216K, reserved 1048576K
Event: 149.166 GC heap after
Heap after GC invocations=29 (full 4):
 PSYoungGen      total 99328K, used 3571K [0x00000000e0000000, 0x00000000e9680000, 0x0000000100000000)
  eden space 76800K, 0% used [0x00000000e0000000,0x00000000e0000000,0x00000000e4b00000)
  from space 22528K, 15% used [0x00000000e4b00000,0x00000000e4e7ce50,0x00000000e6100000)
  to   space 31744K, 0% used [0x00000000e7780000,0x00000000e7780000,0x00000000e9680000)
 ParOldGen       total 84992K, used 84721K [0x00000000a0000000, 0x00000000a5300000, 0x00000000e0000000)
  object space 84992K, 99% used [0x00000000a0000000,0x00000000a52bc5a0,0x00000000a5300000)
 Metaspace       used 65732K, capacity 67712K, committed 67800K, reserved 1107968K
  class space    used 8722K, capacity 9215K, committed 9216K, reserved 1048576K
}

