# JRE version: OpenJDK Runtime Environment (8.0_152-b06) (build 1.8.0_152-release-1136-b06)
# Java VM: OpenJDK 64-Bit Server VM (25.152-b06 mixed mode windows-amd64 compressed oops)
Heap:
 PSYoungGen      total 96256K, used 3178K [0x00000000e0000000, 0x00000000e8900000, 0x0000000100000000)
  eden space 84992K, 3% used [0x00000000e0000000,0x00000000e031aa20,0x00000000e5300000)
  from space 11264K, 0% used [0x00000000e5300000,0x00000000e5300000,0x00000000e5e00000)
  to   space 10752K, 0% used [0x00000000e7e80000,0x00000000e7e80000,0x00000000e8900000)
 ParOldGen       total 87040K, used 14818K [0x00000000a0000000, 0x00000000a5500000, 0x00000000e0000000)
  object space 87040K, 17% used [0x00000000a0000000,0x00000000a0e78bb8,0x00000000a5500000)
 Metaspace       used 35213K, capacity 35776K, committed 36056K, reserved 1081344K
  class space    used 4821K, capacity 5046K, committed 5120K, reserved 1048576K
GC Heap History (10 events):
Event: 7.423 GC heap before
{Heap before GC invocations=7 (full 1):
 PSYoungGen      total 37888K, used 32768K [0x00000000e0000000, 0x00000000e5400000, 0x0000000100000000)
  eden space 32768K, 100% used [0x00000000e0000000,0x00000000e2000000,0x00000000e2000000)
  from space 5120K, 0% used [0x00000000e2000000,0x00000000e2000000,0x00000000e2500000)
  to   space 10240K, 0% used [0x00000000e4a00000,0x00000000e4a00000,0x00000000e5400000)
 ParOldGen       total 58880K, used 8397K [0x00000000a0000000, 0x00000000a3980000, 0x00000000e0000000)
  object space 58880K, 14% used [0x00000000a0000000,0x00000000a08334a8,0x00000000a3980000)
 Metaspace       used 23817K, capacity 24196K, committed 24448K, reserved 1071104K
  class space    used 3256K, capacity 3383K, committed 3456K, reserved 1048576K
Event: 7.454 GC heap after
Heap after GC invocations=7 (full 1):
 PSYoungGen      total 57856K, used 3603K [0x00000000e0000000, 0x00000000e4e00000, 0x0000000100000000)
  eden space 53760K, 0% used [0x00000000e0000000,0x00000000e0000000,0x00000000e3480000)
  from space 4096K, 87% used [0x00000000e4a00000,0x00000000e4d84ed8,0x00000000e4e00000)
  to   space 10240K, 0% used [0x00000000e3a00000,0x00000000e3a00000,0x00000000e4400000)
 ParOldGen       total 58880K, used 8397K [0x00000000a0000000, 0x00000000a3980000, 0x00000000e0000000)
  object space 58880K, 14% used [0x00000000a0000000,0x00000000a08334a8,0x00000000a3980000)
 Metaspace       used 23817K, capacity 24196K, committed 24448K, reserved 1071104K
  class space    used 3256K, capacity 3383K, committed 3456K, reserved 1048576K
}
Event: 8.522 GC heap before
{Heap before GC invocations=8 (full 1):
 PSYoungGen      total 57856K, used 57363K [0x00000000e0000000, 0x00000000e4e00000, 0x0000000100000000)
  eden space 53760K, 100% used [0x00000000e0000000,0x00000000e3480000,0x00000000e3480000)
  from space 4096K, 87% used [0x00000000e4a00000,0x00000000e4d84ed8,0x00000000e4e00000)
  to   space 10240K, 0% used [0x00000000e3a00000,0x00000000e3a00000,0x00000000e4400000)
 ParOldGen       total 58880K, used 8397K [0x00000000a0000000, 0x00000000a3980000, 0x00000000e0000000)
  object space 58880K, 14% used [0x00000000a0000000,0x00000000a08334a8,0x00000000a3980000)
 Metaspace       used 27626K, capacity 28052K, committed 28416K, reserved 1073152K
  class space    used 3841K, capacity 4005K, committed 4096K, reserved 1048576K
Event: 8.532 GC heap after
Heap after GC invocations=8 (full 1):
 PSYoungGen      total 69632K, used 6242K [0x00000000e0000000, 0x00000000e6780000, 0x0000000100000000)
  eden space 59392K, 0% used [0x00000000e0000000,0x00000000e0000000,0x00000000e3a00000)
  from space 10240K, 60% used [0x00000000e3a00000,0x00000000e4018890,0x00000000e4400000)
  to   space 9728K, 0% used [0x00000000e5e00000,0x00000000e5e00000,0x00000000e6780000)
 ParOldGen       total 58880K, used 8405K [0x00000000a0000000, 0x00000000a3980000, 0x00000000e0000000)
  object space 58880K, 14% used [0x00000000a0000000,0x00000000a08354a8,0x00000000a3980000)
 Metaspace       used 27626K, capacity 28052K, committed 28416K, reserved 1073152K
  class space    used 3841K, capacity 4005K, committed 4096K, reserved 1048576K
}
Event: 10.348 GC heap before
{Heap before GC invocations=9 (full 1):
 PSYoungGen      total 69632K, used 65634K [0x00000000e0000000, 0x00000000e6780000, 0x0000000100000000)
  eden space 59392K, 100% used [0x00000000e0000000,0x00000000e3a00000,0x00000000e3a00000)
  from space 10240K, 60% used [0x00000000e3a00000,0x00000000e4018890,0x00000000e4400000)
  to   space 9728K, 0% used [0x00000000e5e00000,0x00000000e5e00000,0x00000000e6780000)
 ParOldGen       total 58880K, used 8405K [0x00000000a0000000, 0x00000000a3980000, 0x00000000e0000000)
  object space 58880K, 14% used [0x00000000a0000000,0x00000000a08354a8,0x00000000a3980000)
 Metaspace       used 32972K, capacity 33484K, committed 33792K, reserved 1079296K
  class space    used 4589K, capacity 4774K, committed 4864K, reserved 1048576K
Event: 10.360 GC heap after
Heap after GC invocations=9 (full 1):
 PSYoungGen      total 94720K, used 9697K [0x00000000e0000000, 0x00000000e7080000, 0x0000000100000000)
  eden space 84992K, 0% used [0x00000000e0000000,0x00000000e0000000,0x00000000e5300000)
  from space 9728K, 99% used [0x00000000e5e00000,0x00000000e6778558,0x00000000e6780000)
  to   space 11264K, 0% used [0x00000000e5300000,0x00000000e5300000,0x00000000e5e00000)
 ParOldGen       total 58880K, used 8489K [0x00000000a0000000, 0x00000000a3980000, 0x00000000e0000000)
  object space 58880K, 14% used [0x00000000a0000000,0x00000000a084a6c0,0x00000000a3980000)
 Metaspace       used 32972K, capacity 33484K, committed 33792K, reserved 1079296K
  class space    used 4589K, capacity 4774K, committed 4864K, reserved 1048576K
}
Event: 10.585 GC heap before
{Heap before GC invocations=10 (full 1):
 PSYoungGen      total 94720K, used 22454K [0x00000000e0000000, 0x00000000e7080000, 0x0000000100000000)
  eden space 84992K, 15% used [0x00000000e0000000,0x00000000e0c756a0,0x00000000e5300000)
  from space 9728K, 99% used [0x00000000e5e00000,0x00000000e6778558,0x00000000e6780000)
  to   space 11264K, 0% used [0x00000000e5300000,0x00000000e5300000,0x00000000e5e00000)
 ParOldGen       total 58880K, used 8489K [0x00000000a0000000, 0x00000000a3980000, 0x00000000e0000000)
  object space 58880K, 14% used [0x00000000a0000000,0x00000000a084a6c0,0x00000000a3980000)
 Metaspace       used 34818K, capacity 35364K, committed 35416K, reserved 1079296K
  class space    used 4783K, capacity 4976K, committed 4992K, reserved 1048576K
Event: 10.595 GC heap after
Heap after GC invocations=10 (full 1):
 PSYoungGen      total 96256K, used 6763K [0x00000000e0000000, 0x00000000e8900000, 0x0000000100000000)
  eden space 84992K, 0% used [0x00000000e0000000,0x00000000e0000000,0x00000000e5300000)
  from space 11264K, 60% used [0x00000000e5300000,0x00000000e599ae98,0x00000000e5e00000)
  to   space 10752K, 0% used [0x00000000e7e80000,0x00000000e7e80000,0x00000000e8900000)
 ParOldGen       total 58880K, used 9753K [0x00000000a0000000, 0x00000000a3980000, 0x00000000e0000000)
  object space 58880K, 16% used [0x00000000a0000000,0x00000000a0986750,0x00000000a3980000)
 Metaspace       used 34818K, capacity 35364K, committed 35416K, reserved 1079296K
  class space    used 4783K, capacity 4976K, committed 4992K, reserved 1048576K
}
Event: 10.595 GC heap before
{Heap before GC invocations=11 (full 2):
 PSYoungGen      total 96256K, used 6763K [0x00000000e0000000, 0x00000000e8900000, 0x0000000100000000)
  eden space 84992K, 0% used [0x00000000e0000000,0x00000000e0000000,0x00000000e5300000)
  from space 11264K, 60% used [0x00000000e5300000,0x00000000e599ae98,0x00000000e5e00000)
  to   space 10752K, 0% used [0x00000000e7e80000,0x00000000e7e80000,0x00000000e8900000)
 ParOldGen       total 58880K, used 9753K [0x00000000a0000000, 0x00000000a3980000, 0x00000000e0000000)
  object space 58880K, 16% used [0x00000000a0000000,0x00000000a0986750,0x00000000a3980000)
 Metaspace       used 34818K, capacity 35364K, committed 35416K, reserved 1079296K
  class space    used 4783K, capacity 4976K, committed 4992K, reserved 1048576K
Event: 10.714 GC heap after
Heap after GC invocations=11 (full 2):
 PSYoungGen      total 96256K, used 0K [0x00000000e0000000, 0x00000000e8900000, 0x0000000100000000)
  eden space 84992K, 0% used [0x00000000e0000000,0x00000000e0000000,0x00000000e5300000)
  from space 11264K, 0% used [0x00000000e5300000,0x00000000e5300000,0x00000000e5e00000)
  to   space 10752K, 0% used [0x00000000e7e80000,0x00000000e7e80000,0x00000000e8900000)
 ParOldGen       total 87040K, used 14818K [0x00000000a0000000, 0x00000000a5500000, 0x00000000e0000000)
  object space 87040K, 17% used [0x00000000a0000000,0x00000000a0e78bb8,0x00000000a5500000)
 Metaspace       used 34818K, capacity 35364K, committed 35416K, reserved 1079296K
  class space    used 4783K, capacity 4976K, committed 4992K, reserved 1048576K
}

