# JRE version: OpenJDK Runtime Environment (8.0_152-b06) (build 1.8.0_152-release-1136-b06)
# Java VM: OpenJDK 64-Bit Server VM (25.152-b06 mixed mode windows-amd64 compressed oops)
Heap:
 PSYoungGen      total 124416K, used 61677K [0x00000000e0000000, 0x00000000e8e00000, 0x0000000100000000)
  eden space 114688K, 45% used [0x00000000e0000000,0x00000000e33181e0,0x00000000e7000000)
  from space 9728K, 96% used [0x00000000e8480000,0x00000000e8da3290,0x00000000e8e00000)
  to   space 11264K, 0% used [0x00000000e7800000,0x00000000e7800000,0x00000000e8300000)
 ParOldGen       total 86528K, used 14793K [0x00000000a0000000, 0x00000000a5480000, 0x00000000e0000000)
  object space 86528K, 17% used [0x00000000a0000000,0x00000000a0e726a0,0x00000000a5480000)
 Metaspace       used 42283K, capacity 43184K, committed 43352K, reserved 1087488K
  class space    used 5713K, capacity 6015K, committed 6016K, reserved 1048576K
GC Heap History (10 events):
Event: 8.009 GC heap before
{Heap before GC invocations=8 (full 1):
 PSYoungGen      total 57856K, used 57605K [0x00000000e0000000, 0x00000000e4e00000, 0x0000000100000000)
  eden space 53760K, 100% used [0x00000000e0000000,0x00000000e3480000,0x00000000e3480000)
  from space 4096K, 93% used [0x00000000e4a00000,0x00000000e4dc1560,0x00000000e4e00000)
  to   space 10240K, 0% used [0x00000000e3a00000,0x00000000e3a00000,0x00000000e4400000)
 ParOldGen       total 59392K, used 8402K [0x00000000a0000000, 0x00000000a3a00000, 0x00000000e0000000)
  object space 59392K, 14% used [0x00000000a0000000,0x00000000a0834a50,0x00000000a3a00000)
 Metaspace       used 27879K, capacity 28424K, committed 28672K, reserved 1073152K
  class space    used 3886K, capacity 4027K, committed 4096K, reserved 1048576K
Event: 8.021 GC heap after
Heap after GC invocations=8 (full 1):
 PSYoungGen      total 69632K, used 6781K [0x00000000e0000000, 0x00000000e6a00000, 0x0000000100000000)
  eden space 59392K, 0% used [0x00000000e0000000,0x00000000e0000000,0x00000000e3a00000)
  from space 10240K, 66% used [0x00000000e3a00000,0x00000000e409f498,0x00000000e4400000)
  to   space 10240K, 0% used [0x00000000e6000000,0x00000000e6000000,0x00000000e6a00000)
 ParOldGen       total 59392K, used 8410K [0x00000000a0000000, 0x00000000a3a00000, 0x00000000e0000000)
  object space 59392K, 14% used [0x00000000a0000000,0x00000000a0836a50,0x00000000a3a00000)
 Metaspace       used 27879K, capacity 28424K, committed 28672K, reserved 1073152K
  class space    used 3886K, capacity 4027K, committed 4096K, reserved 1048576K
}
Event: 9.589 GC heap before
{Heap before GC invocations=9 (full 1):
 PSYoungGen      total 69632K, used 66173K [0x00000000e0000000, 0x00000000e6a00000, 0x0000000100000000)
  eden space 59392K, 100% used [0x00000000e0000000,0x00000000e3a00000,0x00000000e3a00000)
  from space 10240K, 66% used [0x00000000e3a00000,0x00000000e409f498,0x00000000e4400000)
  to   space 10240K, 0% used [0x00000000e6000000,0x00000000e6000000,0x00000000e6a00000)
 ParOldGen       total 59392K, used 8410K [0x00000000a0000000, 0x00000000a3a00000, 0x00000000e0000000)
  object space 59392K, 14% used [0x00000000a0000000,0x00000000a0836a50,0x00000000a3a00000)
 Metaspace       used 32484K, capacity 33052K, committed 33280K, reserved 1077248K
  class space    used 4545K, capacity 4741K, committed 4864K, reserved 1048576K
Event: 9.604 GC heap after
Heap after GC invocations=9 (full 1):
 PSYoungGen      total 97280K, used 9987K [0x00000000e0000000, 0x00000000e7380000, 0x0000000100000000)
  eden space 87040K, 0% used [0x00000000e0000000,0x00000000e0000000,0x00000000e5500000)
  from space 10240K, 97% used [0x00000000e6000000,0x00000000e69c0da8,0x00000000e6a00000)
  to   space 11264K, 0% used [0x00000000e5500000,0x00000000e5500000,0x00000000e6000000)
 ParOldGen       total 59392K, used 8418K [0x00000000a0000000, 0x00000000a3a00000, 0x00000000e0000000)
  object space 59392K, 14% used [0x00000000a0000000,0x00000000a0838a50,0x00000000a3a00000)
 Metaspace       used 32484K, capacity 33052K, committed 33280K, reserved 1077248K
  class space    used 4545K, capacity 4741K, committed 4864K, reserved 1048576K
}
Event: 9.831 GC heap before
{Heap before GC invocations=10 (full 1):
 PSYoungGen      total 97280K, used 22956K [0x00000000e0000000, 0x00000000e7380000, 0x0000000100000000)
  eden space 87040K, 14% used [0x00000000e0000000,0x00000000e0caa4a8,0x00000000e5500000)
  from space 10240K, 97% used [0x00000000e6000000,0x00000000e69c0da8,0x00000000e6a00000)
  to   space 11264K, 0% used [0x00000000e5500000,0x00000000e5500000,0x00000000e6000000)
 ParOldGen       total 59392K, used 8418K [0x00000000a0000000, 0x00000000a3a00000, 0x00000000e0000000)
  object space 59392K, 14% used [0x00000000a0000000,0x00000000a0838a50,0x00000000a3a00000)
 Metaspace       used 34564K, capacity 35200K, committed 35416K, reserved 1079296K
  class space    used 4783K, capacity 4988K, committed 4992K, reserved 1048576K
Event: 9.842 GC heap after
Heap after GC invocations=10 (full 1):
 PSYoungGen      total 98304K, used 6641K [0x00000000e0000000, 0x00000000e8f00000, 0x0000000100000000)
  eden space 87040K, 0% used [0x00000000e0000000,0x00000000e0000000,0x00000000e5500000)
  from space 11264K, 58% used [0x00000000e5500000,0x00000000e5b7c680,0x00000000e6000000)
  to   space 10752K, 0% used [0x00000000e8480000,0x00000000e8480000,0x00000000e8f00000)
 ParOldGen       total 59392K, used 10166K [0x00000000a0000000, 0x00000000a3a00000, 0x00000000e0000000)
  object space 59392K, 17% used [0x00000000a0000000,0x00000000a09edae0,0x00000000a3a00000)
 Metaspace       used 34564K, capacity 35200K, committed 35416K, reserved 1079296K
  class space    used 4783K, capacity 4988K, committed 4992K, reserved 1048576K
}
Event: 9.843 GC heap before
{Heap before GC invocations=11 (full 2):
 PSYoungGen      total 98304K, used 6641K [0x00000000e0000000, 0x00000000e8f00000, 0x0000000100000000)
  eden space 87040K, 0% used [0x00000000e0000000,0x00000000e0000000,0x00000000e5500000)
  from space 11264K, 58% used [0x00000000e5500000,0x00000000e5b7c680,0x00000000e6000000)
  to   space 10752K, 0% used [0x00000000e8480000,0x00000000e8480000,0x00000000e8f00000)
 ParOldGen       total 59392K, used 10166K [0x00000000a0000000, 0x00000000a3a00000, 0x00000000e0000000)
  object space 59392K, 17% used [0x00000000a0000000,0x00000000a09edae0,0x00000000a3a00000)
 Metaspace       used 34564K, capacity 35200K, committed 35416K, reserved 1079296K
  class space    used 4783K, capacity 4988K, committed 4992K, reserved 1048576K
Event: 9.943 GC heap after
Heap after GC invocations=11 (full 2):
 PSYoungGen      total 98304K, used 0K [0x00000000e0000000, 0x00000000e8f00000, 0x0000000100000000)
  eden space 87040K, 0% used [0x00000000e0000000,0x00000000e0000000,0x00000000e5500000)
  from space 11264K, 0% used [0x00000000e5500000,0x00000000e5500000,0x00000000e6000000)
  to   space 10752K, 0% used [0x00000000e8480000,0x00000000e8480000,0x00000000e8f00000)
 ParOldGen       total 86528K, used 14785K [0x00000000a0000000, 0x00000000a5480000, 0x00000000e0000000)
  object space 86528K, 17% used [0x00000000a0000000,0x00000000a0e706a0,0x00000000a5480000)
 Metaspace       used 34564K, capacity 35200K, committed 35416K, reserved 1079296K
  class space    used 4783K, capacity 4988K, committed 4992K, reserved 1048576K
}
Event: 11.336 GC heap before
{Heap before GC invocations=12 (full 2):
 PSYoungGen      total 98304K, used 87039K [0x00000000e0000000, 0x00000000e8f00000, 0x0000000100000000)
  eden space 87040K, 99% used [0x00000000e0000000,0x00000000e54fffc0,0x00000000e5500000)
  from space 11264K, 0% used [0x00000000e5500000,0x00000000e5500000,0x00000000e6000000)
  to   space 10752K, 0% used [0x00000000e8480000,0x00000000e8480000,0x00000000e8f00000)
 ParOldGen       total 86528K, used 14785K [0x00000000a0000000, 0x00000000a5480000, 0x00000000e0000000)
  object space 86528K, 17% used [0x00000000a0000000,0x00000000a0e706a0,0x00000000a5480000)
 Metaspace       used 40283K, capacity 40986K, committed 41304K, reserved 1085440K
  class space    used 5451K, capacity 5693K, committed 5760K, reserved 1048576K
Event: 11.351 GC heap after
Heap after GC invocations=12 (full 2):
 PSYoungGen      total 124416K, used 9356K [0x00000000e0000000, 0x00000000e8e00000, 0x0000000100000000)
  eden space 114688K, 0% used [0x00000000e0000000,0x00000000e0000000,0x00000000e7000000)
  from space 9728K, 96% used [0x00000000e8480000,0x00000000e8da3290,0x00000000e8e00000)
  to   space 11264K, 0% used [0x00000000e7800000,0x00000000e7800000,0x00000000e8300000)
 ParOldGen       total 86528K, used 14793K [0x00000000a0000000, 0x00000000a5480000, 0x00000000e0000000)
  object space 86528K, 17% used [0x00000000a0000000,0x00000000a0e726a0,0x00000000a5480000)
 Metaspace       used 40283K, capacity 40986K, committed 41304K, reserved 1085440K
  class space    used 5451K, capacity 5693K, committed 5760K, reserved 1048576K
}

